{"name":"validateCustomerData","status":"failed","statusDetails":{"known":false,"muted":false,"flaky":false,"message":"While uploading 5 image customerData isn't Created expected [You successfully created your customer] but found []","trace":"java.lang.AssertionError: While uploading 5 image customerData isn't Created expected [You successfully created your customer] but found []\r\n\tat org.testng.Assert.fail(Assert.java:97)\r\n\tat org.testng.Assert.assertEqualsImpl(Assert.java:136)\r\n\tat org.testng.Assert.assertEquals(Assert.java:118)\r\n\tat org.testng.Assert.assertEquals(Assert.java:575)\r\n\tat com.denovo.testscripts.CustomerPageTest.validateDataCreated(CustomerPageTest.java:174)\r\n\tat com.denovo.testscripts.CustomerPageTest.validateCustomerData(CustomerPageTest.java:156)\r\n\tat java.base/jdk.internal.reflect.NativeMethodAccessorImpl.invoke0(Native Method)\r\n\tat java.base/jdk.internal.reflect.NativeMethodAccessorImpl.invoke(NativeMethodAccessorImpl.java:64)\r\n\tat java.base/jdk.internal.reflect.DelegatingMethodAccessorImpl.invoke(DelegatingMethodAccessorImpl.java:43)\r\n\tat java.base/java.lang.reflect.Method.invoke(Method.java:564)\r\n\tat org.testng.internal.MethodInvocationHelper.invokeMethod(MethodInvocationHelper.java:133)\r\n\tat org.testng.internal.TestInvoker.invokeMethod(TestInvoker.java:584)\r\n\tat org.testng.internal.TestInvoker.invokeTestMethod(TestInvoker.java:172)\r\n\tat org.testng.internal.MethodRunner.runInSequence(MethodRunner.java:46)\r\n\tat org.testng.internal.TestInvoker$MethodInvocationAgent.invoke(TestInvoker.java:804)\r\n\tat org.testng.internal.TestInvoker.invokeTestMethods(TestInvoker.java:145)\r\n\tat org.testng.internal.TestMethodWorker.invokeTestMethods(TestMethodWorker.java:146)\r\n\tat org.testng.internal.TestMethodWorker.run(TestMethodWorker.java:128)\r\n\tat java.base/java.util.ArrayList.forEach(ArrayList.java:1511)\r\n\tat org.testng.TestRunner.privateRun(TestRunner.java:770)\r\n\tat org.testng.TestRunner.run(TestRunner.java:591)\r\n\tat org.testng.SuiteRunner.runTest(SuiteRunner.java:402)\r\n\tat org.testng.SuiteRunner.runSequentially(SuiteRunner.java:396)\r\n\tat org.testng.SuiteRunner.privateRun(SuiteRunner.java:355)\r\n\tat org.testng.SuiteRunner.run(SuiteRunner.java:304)\r\n\tat org.testng.SuiteRunnerWorker.runSuite(SuiteRunnerWorker.java:53)\r\n\tat org.testng.SuiteRunnerWorker.run(SuiteRunnerWorker.java:96)\r\n\tat org.testng.TestNG.runSuitesSequentially(TestNG.java:1180)\r\n\tat org.testng.TestNG.runSuitesLocally(TestNG.java:1102)\r\n\tat org.testng.TestNG.runSuites(TestNG.java:1032)\r\n\tat org.testng.TestNG.run(TestNG.java:1000)\r\n\tat com.intellij.rt.testng.IDEARemoteTestNG.run(IDEARemoteTestNG.java:66)\r\n\tat com.intellij.rt.testng.RemoteTestNGStarter.main(RemoteTestNGStarter.java:109)\r\n"},"stage":"finished","description":"Test Case Description: validate UserManagePage Link","steps":[{"name":"validate customer data   ","status":"failed","statusDetails":{"known":false,"muted":false,"flaky":false,"message":"While uploading 5 image customerData isn't Created expected [You successfully created your customer] but found []","trace":"java.lang.AssertionError: While uploading 5 image customerData isn't Created expected [You successfully created your customer] but found []\r\n\tat org.testng.Assert.fail(Assert.java:97)\r\n\tat org.testng.Assert.assertEqualsImpl(Assert.java:136)\r\n\tat org.testng.Assert.assertEquals(Assert.java:118)\r\n\tat org.testng.Assert.assertEquals(Assert.java:575)\r\n\tat com.denovo.testscripts.CustomerPageTest.validateDataCreated(CustomerPageTest.java:174)\r\n\tat com.denovo.testscripts.CustomerPageTest.validateCustomerData(CustomerPageTest.java:156)\r\n\tat java.base/jdk.internal.reflect.NativeMethodAccessorImpl.invoke0(Native Method)\r\n\tat java.base/jdk.internal.reflect.NativeMethodAccessorImpl.invoke(NativeMethodAccessorImpl.java:64)\r\n\tat java.base/jdk.internal.reflect.DelegatingMethodAccessorImpl.invoke(DelegatingMethodAccessorImpl.java:43)\r\n\tat java.base/java.lang.reflect.Method.invoke(Method.java:564)\r\n\tat org.testng.internal.MethodInvocationHelper.invokeMethod(MethodInvocationHelper.java:133)\r\n\tat org.testng.internal.TestInvoker.invokeMethod(TestInvoker.java:584)\r\n\tat org.testng.internal.TestInvoker.invokeTestMethod(TestInvoker.java:172)\r\n\tat org.testng.internal.MethodRunner.runInSequence(MethodRunner.java:46)\r\n\tat org.testng.internal.TestInvoker$MethodInvocationAgent.invoke(TestInvoker.java:804)\r\n\tat org.testng.internal.TestInvoker.invokeTestMethods(TestInvoker.java:145)\r\n\tat org.testng.internal.TestMethodWorker.invokeTestMethods(TestMethodWorker.java:146)\r\n\tat org.testng.internal.TestMethodWorker.run(TestMethodWorker.java:128)\r\n\tat java.base/java.util.ArrayList.forEach(ArrayList.java:1511)\r\n\tat org.testng.TestRunner.privateRun(TestRunner.java:770)\r\n\tat org.testng.TestRunner.run(TestRunner.java:591)\r\n\tat org.testng.SuiteRunner.runTest(SuiteRunner.java:402)\r\n\tat org.testng.SuiteRunner.runSequentially(SuiteRunner.java:396)\r\n\tat org.testng.SuiteRunner.privateRun(SuiteRunner.java:355)\r\n\tat org.testng.SuiteRunner.run(SuiteRunner.java:304)\r\n\tat org.testng.SuiteRunnerWorker.runSuite(SuiteRunnerWorker.java:53)\r\n\tat org.testng.SuiteRunnerWorker.run(SuiteRunnerWorker.java:96)\r\n\tat org.testng.TestNG.runSuitesSequentially(TestNG.java:1180)\r\n\tat org.testng.TestNG.runSuitesLocally(TestNG.java:1102)\r\n\tat org.testng.TestNG.runSuites(TestNG.java:1032)\r\n\tat org.testng.TestNG.run(TestNG.java:1000)\r\n\tat com.intellij.rt.testng.IDEARemoteTestNG.run(IDEARemoteTestNG.java:66)\r\n\tat com.intellij.rt.testng.RemoteTestNGStarter.main(RemoteTestNGStarter.java:109)\r\n"},"stage":"finished","steps":[{"name":"validate validate click CustomerButton ","status":"passed","stage":"finished","steps":[{"name":"verifying ClickAddcustomerBtn","status":"passed","stage":"finished","steps":[],"attachments":[],"parameters":[],"start":1621577403304,"stop":1621577405146}],"attachments":[],"parameters":[],"start":1621577403303,"stop":1621577405146},{"name":"verifying customer data","status":"passed","stage":"finished","steps":[],"attachments":[],"parameters":[{"name":"dba","value":"FirstISO"},{"name":"fname","value":"Denovo"},{"name":"lname","value":"System"},{"name":"Isoidentified","value":"2132"},{"name":"Address1","value":"ASDFGH"},{"name":"Address2","value":"ASDFGH"},{"name":"Zipcode","value":"60"},{"name":"Email","value":"testsazaltzq1@gmail.com"},{"name":"Processor","value":"Tsys"},{"name":"PhoneNumber","value":"9.176978444E9"},{"name":"TechSupportphoneNumber","value":"2.015550123E9"},{"name":"HelpDeskPhone","value":"2.015550123E9"},{"name":"HelpDeskEmail","value":"zx@gmail.com"},{"name":"TechSupportEmail","value":"re@gmail.com"}],"start":1621577405147,"stop":1621577447226},{"name":"validateUploadImage","status":"passed","stage":"finished","steps":[{"name":"verifyuploadimage","status":"passed","stage":"finished","steps":[],"attachments":[],"parameters":[{"name":"value","value":"5"}],"start":1621577447230,"stop":1621577492968}],"attachments":[],"parameters":[],"start":1621577447227,"stop":1621577492968},{"name":"validate Finish Button ","status":"passed","stage":"finished","steps":[{"name":"verifyclickFinish","status":"passed","stage":"finished","steps":[],"attachments":[],"parameters":[],"start":1621577492968,"stop":1621577493064}],"attachments":[],"parameters":[],"start":1621577492968,"stop":1621577493064},{"name":"validate data created","status":"failed","statusDetails":{"known":false,"muted":false,"flaky":false,"message":"While uploading 5 image customerData isn't Created expected [You successfully created your customer] but found []","trace":"java.lang.AssertionError: While uploading 5 image customerData isn't Created expected [You successfully created your customer] but found []\r\n\tat org.testng.Assert.fail(Assert.java:97)\r\n\tat org.testng.Assert.assertEqualsImpl(Assert.java:136)\r\n\tat org.testng.Assert.assertEquals(Assert.java:118)\r\n\tat org.testng.Assert.assertEquals(Assert.java:575)\r\n\tat com.denovo.testscripts.CustomerPageTest.validateDataCreated(CustomerPageTest.java:174)\r\n\tat com.denovo.testscripts.CustomerPageTest.validateCustomerData(CustomerPageTest.java:156)\r\n\tat java.base/jdk.internal.reflect.NativeMethodAccessorImpl.invoke0(Native Method)\r\n\tat java.base/jdk.internal.reflect.NativeMethodAccessorImpl.invoke(NativeMethodAccessorImpl.java:64)\r\n\tat java.base/jdk.internal.reflect.DelegatingMethodAccessorImpl.invoke(DelegatingMethodAccessorImpl.java:43)\r\n\tat java.base/java.lang.reflect.Method.invoke(Method.java:564)\r\n\tat org.testng.internal.MethodInvocationHelper.invokeMethod(MethodInvocationHelper.java:133)\r\n\tat org.testng.internal.TestInvoker.invokeMethod(TestInvoker.java:584)\r\n\tat org.testng.internal.TestInvoker.invokeTestMethod(TestInvoker.java:172)\r\n\tat org.testng.internal.MethodRunner.runInSequence(MethodRunner.java:46)\r\n\tat org.testng.internal.TestInvoker$MethodInvocationAgent.invoke(TestInvoker.java:804)\r\n\tat org.testng.internal.TestInvoker.invokeTestMethods(TestInvoker.java:145)\r\n\tat org.testng.internal.TestMethodWorker.invokeTestMethods(TestMethodWorker.java:146)\r\n\tat org.testng.internal.TestMethodWorker.run(TestMethodWorker.java:128)\r\n\tat java.base/java.util.ArrayList.forEach(ArrayList.java:1511)\r\n\tat org.testng.TestRunner.privateRun(TestRunner.java:770)\r\n\tat org.testng.TestRunner.run(TestRunner.java:591)\r\n\tat org.testng.SuiteRunner.runTest(SuiteRunner.java:402)\r\n\tat org.testng.SuiteRunner.runSequentially(SuiteRunner.java:396)\r\n\tat org.testng.SuiteRunner.privateRun(SuiteRunner.java:355)\r\n\tat org.testng.SuiteRunner.run(SuiteRunner.java:304)\r\n\tat org.testng.SuiteRunnerWorker.runSuite(SuiteRunnerWorker.java:53)\r\n\tat org.testng.SuiteRunnerWorker.run(SuiteRunnerWorker.java:96)\r\n\tat org.testng.TestNG.runSuitesSequentially(TestNG.java:1180)\r\n\tat org.testng.TestNG.runSuitesLocally(TestNG.java:1102)\r\n\tat org.testng.TestNG.runSuites(TestNG.java:1032)\r\n\tat org.testng.TestNG.run(TestNG.java:1000)\r\n\tat com.intellij.rt.testng.IDEARemoteTestNG.run(IDEARemoteTestNG.java:66)\r\n\tat com.intellij.rt.testng.RemoteTestNGStarter.main(RemoteTestNGStarter.java:109)\r\n"},"stage":"finished","steps":[{"name":"verifying data created","status":"passed","stage":"finished","steps":[],"attachments":[],"parameters":[],"start":1621577493064,"stop":1621577493111}],"attachments":[],"parameters":[],"start":1621577493064,"stop":1621577493119}],"attachments":[],"parameters":[{"name":"dba","value":"FirstISO"},{"name":"fname","value":"Denovo"},{"name":"lname","value":"System"},{"name":"Isoidentified","value":"2132"},{"name":"Address1","value":"ASDFGH"},{"name":"Address2","value":"ASDFGH"},{"name":"Zipcode","value":"60"},{"name":"Email","value":"testsazaltzq1@gmail.com"},{"name":"Processor","value":"Tsys"},{"name":"PhoneNumber","value":"9.176978444E9"},{"name":"TechSupportphoneNumber","value":"2.015550123E9"},{"name":"HelpDeskPhone","value":"2.015550123E9"},{"name":"HelpDeskEmail","value":"zx@gmail.com"},{"name":"TechSupportEmail","value":"re@gmail.com"}],"start":1621577403303,"stop":1621577493119}],"attachments":[],"parameters":[{"name":"arg7","value":"testsazaltzq1@gmail.com"},{"name":"arg6","value":"60"},{"name":"arg9","value":"9.176978444E9"},{"name":"arg8","value":"Tsys"},{"name":"arg3","value":"2132"},{"name":"arg2","value":"System"},{"name":"arg5","value":"ASDFGH"},{"name":"arg4","value":"ASDFGH"},{"name":"arg13","value":"re@gmail.com"},{"name":"arg1","value":"Denovo"},{"name":"arg0","value":"FirstISO"},{"name":"arg10","value":"2.015550123E9"},{"name":"arg11","value":"2.015550123E9"},{"name":"arg12","value":"zx@gmail.com"}],"start":1621577403301,"stop":1621577493145,"uuid":"1a7c7276-aeb0-47b0-a37e-cfe9b4192a6a","historyId":"48b9f5fc061a49303a1bd7f606a024e7","fullName":"com.denovo.testscripts.CustomerPageTest.validateCustomerData","labels":[{"name":"package","value":"com.denovo.testscripts.CustomerPageTest"},{"name":"testClass","value":"com.denovo.testscripts.CustomerPageTest"},{"name":"testMethod","value":"validateCustomerData"},{"name":"parentSuite","value":"Default Suite"},{"name":"suite","value":"DenovoWeb_Portal"},{"name":"subSuite","value":"com.denovo.testscripts.CustomerPageTest"},{"name":"host","value":"DESKTOP-2K98EE4"},{"name":"thread","value":"1096@DESKTOP-2K98EE4.main(1)"},{"name":"framework","value":"testng"},{"name":"language","value":"java"},{"name":"story","value":"story Name: To Check validate customer data"},{"name":"severity","value":"blocker"}],"links":[]}