{"name":"merchantCreation_AgentLogin_PrimaryUser_WithFee","status":"broken","statusDetails":{"known":false,"muted":false,"flaky":false,"message":"Keys to send should be a not null CharSequence","trace":"java.lang.IllegalArgumentException: Keys to send should be a not null CharSequence\r\n\tat org.openqa.selenium.remote.RemoteWebElement.sendKeys(RemoteWebElement.java:97)\r\n\tat com.denovo.Pages.BasePage.sendKeys(BasePage.java:23)\r\n\tat com.denovo.Pages.LoginPage.verifyLoginWithCorrectCredentials(LoginPage.java:31)\r\n\tat com.denovo.testscripts.MerchantCreation_AgentLogin_PrimaryUser_WithFee.merchantCreation_AgentLogin_PrimaryUser_WithFee(MerchantCreation_AgentLogin_PrimaryUser_WithFee.java:21)\r\n\tat java.base/jdk.internal.reflect.NativeMethodAccessorImpl.invoke0(Native Method)\r\n\tat java.base/jdk.internal.reflect.NativeMethodAccessorImpl.invoke(NativeMethodAccessorImpl.java:64)\r\n\tat java.base/jdk.internal.reflect.DelegatingMethodAccessorImpl.invoke(DelegatingMethodAccessorImpl.java:43)\r\n\tat java.base/java.lang.reflect.Method.invoke(Method.java:564)\r\n\tat org.testng.internal.MethodInvocationHelper.invokeMethod(MethodInvocationHelper.java:133)\r\n\tat org.testng.internal.TestInvoker.invokeMethod(TestInvoker.java:598)\r\n\tat org.testng.internal.TestInvoker.invokeTestMethod(TestInvoker.java:173)\r\n\tat org.testng.internal.MethodRunner.runInSequence(MethodRunner.java:46)\r\n\tat org.testng.internal.TestInvoker$MethodInvocationAgent.invoke(TestInvoker.java:824)\r\n\tat org.testng.internal.TestInvoker.invokeTestMethods(TestInvoker.java:146)\r\n\tat org.testng.internal.TestMethodWorker.invokeTestMethods(TestMethodWorker.java:146)\r\n\tat org.testng.internal.TestMethodWorker.run(TestMethodWorker.java:128)\r\n\tat java.base/java.util.concurrent.ThreadPoolExecutor.runWorker(ThreadPoolExecutor.java:1130)\r\n\tat java.base/java.util.concurrent.ThreadPoolExecutor$Worker.run(ThreadPoolExecutor.java:630)\r\n\tat java.base/java.lang.Thread.run(Thread.java:832)\r\n"},"stage":"finished","steps":[{"name":"login with username and password step...","status":"broken","statusDetails":{"known":false,"muted":false,"flaky":false,"message":"Keys to send should be a not null CharSequence","trace":"java.lang.IllegalArgumentException: Keys to send should be a not null CharSequence\r\n\tat org.openqa.selenium.remote.RemoteWebElement.sendKeys(RemoteWebElement.java:97)\r\n\tat com.denovo.Pages.BasePage.sendKeys(BasePage.java:23)\r\n\tat com.denovo.Pages.LoginPage.verifyLoginWithCorrectCredentials(LoginPage.java:31)\r\n\tat com.denovo.testscripts.MerchantCreation_AgentLogin_PrimaryUser_WithFee.merchantCreation_AgentLogin_PrimaryUser_WithFee(MerchantCreation_AgentLogin_PrimaryUser_WithFee.java:21)\r\n\tat java.base/jdk.internal.reflect.NativeMethodAccessorImpl.invoke0(Native Method)\r\n\tat java.base/jdk.internal.reflect.NativeMethodAccessorImpl.invoke(NativeMethodAccessorImpl.java:64)\r\n\tat java.base/jdk.internal.reflect.DelegatingMethodAccessorImpl.invoke(DelegatingMethodAccessorImpl.java:43)\r\n\tat java.base/java.lang.reflect.Method.invoke(Method.java:564)\r\n\tat org.testng.internal.MethodInvocationHelper.invokeMethod(MethodInvocationHelper.java:133)\r\n\tat org.testng.internal.TestInvoker.invokeMethod(TestInvoker.java:598)\r\n\tat org.testng.internal.TestInvoker.invokeTestMethod(TestInvoker.java:173)\r\n\tat org.testng.internal.MethodRunner.runInSequence(MethodRunner.java:46)\r\n\tat org.testng.internal.TestInvoker$MethodInvocationAgent.invoke(TestInvoker.java:824)\r\n\tat org.testng.internal.TestInvoker.invokeTestMethods(TestInvoker.java:146)\r\n\tat org.testng.internal.TestMethodWorker.invokeTestMethods(TestMethodWorker.java:146)\r\n\tat org.testng.internal.TestMethodWorker.run(TestMethodWorker.java:128)\r\n\tat java.base/java.util.concurrent.ThreadPoolExecutor.runWorker(ThreadPoolExecutor.java:1130)\r\n\tat java.base/java.util.concurrent.ThreadPoolExecutor$Worker.run(ThreadPoolExecutor.java:630)\r\n\tat java.base/java.lang.Thread.run(Thread.java:832)\r\n"},"stage":"finished","steps":[],"attachments":[],"parameters":[{"name":"username","value":"null"},{"name":"password","value":"null"}],"start":1680839693089,"stop":1680839693267}],"attachments":[],"parameters":[{"name":"arg0","value":"{AgentPrimaryEmail=agentprimary@coffeetimer24.com\n, Chain=111111, DBA=Patterson Cafe, Email=@cloud-mail.top, Processor=TSYS, Application Sign=Credit Debit,  MID=886000003338, Store=5999, AgentPrimaryPWD=Denovo@2021, Routing Type=Simple, Device Model=Cloud POS, Phone=3238474646, Ebt=ebtbhaskar, Manufacturer=Cloud POS, Select Profile=with fee, Agent=000000, StoreName=Cafe, FirstName=Patterson, ZipCode=90039, Bin=999991, Address2=, Address1=3847 Brunswick Ave, Mcc=5969, Default Label=Billing Counter, TermNo=1515, LastName=, TermID=75124668}"}],"start":1680839693086,"stop":1680839693466,"uuid":"0f2e91aa-db60-4f02-844a-4650ce6552bf","historyId":"fbbbe8b1826703183a4a1a0c851b8ddf","fullName":"com.denovo.testscripts.MerchantCreation_AgentLogin_PrimaryUser_WithFee.merchantCreation_AgentLogin_PrimaryUser_WithFee","labels":[{"name":"package","value":"com.denovo.testscripts.MerchantCreation_AgentLogin_PrimaryUser_WithFee"},{"name":"testClass","value":"com.denovo.testscripts.MerchantCreation_AgentLogin_PrimaryUser_WithFee"},{"name":"testMethod","value":"merchantCreation_AgentLogin_PrimaryUser_WithFee"},{"name":"parentSuite","value":"DenovoWebPortal Suite File"},{"name":"suite","value":"RegressionTest"},{"name":"subSuite","value":"com.denovo.testscripts.MerchantCreation_AgentLogin_PrimaryUser_WithFee"},{"name":"host","value":"DESKTOP-2K98EE4"},{"name":"thread","value":"30104@DESKTOP-2K98EE4.TestNG-test=RegressionTest-4(26)"},{"name":"framework","value":"testng"},{"name":"language","value":"java"}],"links":[]}