{"name":"customFeeTxWithQPayNow_MerchantPrimaryLogin","status":"broken","statusDetails":{"known":false,"muted":false,"flaky":false,"message":"Expected condition failed: waiting for element to be clickable: By.xpath: //a[contains(text(),'Tip & Tax')] (tried for 15 second(s) with 500 milliseconds interval)","trace":"org.openqa.selenium.TimeoutException: Expected condition failed: waiting for element to be clickable: By.xpath: //a[contains(text(),'Tip & Tax')] (tried for 15 second(s) with 500 milliseconds interval)\r\n\tat org.openqa.selenium.support.ui.WebDriverWait.timeoutException(WebDriverWait.java:95)\r\n\tat org.openqa.selenium.support.ui.FluentWait.until(FluentWait.java:272)\r\n\tat com.denovo.factories.ExplicitWaitFactory.performExplicityWait(ExplicitWaitFactory.java:17)\r\n\tat com.denovo.Pages.BasePage.click(BasePage.java:15)\r\n\tat com.denovo.Pages.QuickPayWithPayNowCustomFeePage.verifyClickTipTaxSection(QuickPayWithPayNowCustomFeePage.java:156)\r\n\tat com.denovo.Pages.QuickPayWithPayNowCustomFeePage.fillQuickSaleWithCustomFeeParamInfo(QuickPayWithPayNowCustomFeePage.java:181)\r\n\tat com.denovo.Pages.QuickPayWithPayNowCustomFeePage.verifyQuickPayWithCustomFeeFormIsoLogin(QuickPayWithPayNowCustomFeePage.java:273)\r\n\tat com.denovo.testscripts.CustomFeeTxWithQPayNow_MerchantPrimaryLogin.customFeeTxWithQPayNow_MerchantPrimaryLogin(CustomFeeTxWithQPayNow_MerchantPrimaryLogin.java:27)\r\n\tat jdk.internal.reflect.GeneratedMethodAccessor29.invoke(Unknown Source)\r\n\tat java.base/jdk.internal.reflect.DelegatingMethodAccessorImpl.invoke(DelegatingMethodAccessorImpl.java:43)\r\n\tat java.base/java.lang.reflect.Method.invoke(Method.java:564)\r\n\tat org.testng.internal.MethodInvocationHelper.invokeMethod(MethodInvocationHelper.java:133)\r\n\tat org.testng.internal.TestInvoker.invokeMethod(TestInvoker.java:598)\r\n\tat org.testng.internal.TestInvoker.invokeTestMethod(TestInvoker.java:173)\r\n\tat org.testng.internal.TestMethodWithDataProviderMethodWorker.call(TestMethodWithDataProviderMethodWorker.java:77)\r\n\tat org.testng.internal.TestMethodWithDataProviderMethodWorker.call(TestMethodWithDataProviderMethodWorker.java:15)\r\n\tat java.base/java.util.concurrent.FutureTask.run(FutureTask.java:264)\r\n\tat java.base/java.util.concurrent.Executors$RunnableAdapter.call(Executors.java:515)\r\n\tat java.base/java.util.concurrent.FutureTask.run(FutureTask.java:264)\r\n\tat java.base/java.util.concurrent.ThreadPoolExecutor.runWorker(ThreadPoolExecutor.java:1130)\r\n\tat java.base/java.util.concurrent.ThreadPoolExecutor$Worker.run(ThreadPoolExecutor.java:630)\r\n\tat java.base/java.lang.Thread.run(Thread.java:832)\r\nCaused by: org.openqa.selenium.NoSuchElementException: no such element: Unable to locate element: {\"method\":\"xpath\",\"selector\":\"//a[contains(text(),'Tip & Tax')]\"}\n  (Session info: chrome=111.0.5563.147)\nFor documentation on this error, please visit: https://www.seleniumhq.org/exceptions/no_such_element.html\nBuild info: version: '3.141.59', revision: 'e82be7d358', time: '2018-11-14T08:17:03'\nSystem info: host: 'DESKTOP-2K98EE4', ip: '192.168.0.118', os.name: 'Windows 10', os.arch: 'amd64', os.version: '10.0', java.version: '15.0.2'\nDriver info: org.openqa.selenium.chrome.ChromeDriver\nCapabilities {acceptInsecureCerts: false, browserName: chrome, browserVersion: 111.0.5563.147, chrome: {chromedriverVersion: 111.0.5563.64 (c710e93d5b63..., userDataDir: C:\\Users\\MYPC~1\\AppData\\Loc...}, goog:chromeOptions: {debuggerAddress: localhost:63806}, javascriptEnabled: true, networkConnectionEnabled: false, pageLoadStrategy: normal, platform: WINDOWS, platformName: WINDOWS, proxy: Proxy(), setWindowRect: true, strictFileInteractability: false, timeouts: {implicit: 0, pageLoad: 300000, script: 30000}, unhandledPromptBehavior: dismiss and notify, webauthn:extension:credBlob: true, webauthn:extension:largeBlob: true, webauthn:extension:minPinLength: true, webauthn:extension:prf: true, webauthn:virtualAuthenticators: true}\nSession ID: e6be5824b6d267bbdf065f0e5ef295e3\n*** Element info: {Using=xpath, value=//a[contains(text(),'Tip & Tax')]}\r\n\tat jdk.internal.reflect.GeneratedConstructorAccessor31.newInstance(Unknown Source)\r\n\tat java.base/jdk.internal.reflect.DelegatingConstructorAccessorImpl.newInstance(DelegatingConstructorAccessorImpl.java:45)\r\n\tat java.base/java.lang.reflect.Constructor.newInstanceWithCaller(Constructor.java:500)\r\n\tat java.base/java.lang.reflect.Constructor.newInstance(Constructor.java:481)\r\n\tat org.openqa.selenium.remote.http.W3CHttpResponseCodec.createException(W3CHttpResponseCodec.java:187)\r\n\tat org.openqa.selenium.remote.http.W3CHttpResponseCodec.decode(W3CHttpResponseCodec.java:122)\r\n\tat org.openqa.selenium.remote.http.W3CHttpResponseCodec.decode(W3CHttpResponseCodec.java:49)\r\n\tat org.openqa.selenium.remote.HttpCommandExecutor.execute(HttpCommandExecutor.java:158)\r\n\tat org.openqa.selenium.remote.service.DriverCommandExecutor.execute(DriverCommandExecutor.java:83)\r\n\tat org.openqa.selenium.remote.RemoteWebDriver.execute(RemoteWebDriver.java:552)\r\n\tat org.openqa.selenium.remote.RemoteWebDriver.findElement(RemoteWebDriver.java:323)\r\n\tat org.openqa.selenium.remote.RemoteWebDriver.findElementByXPath(RemoteWebDriver.java:428)\r\n\tat org.openqa.selenium.By$ByXPath.findElement(By.java:353)\r\n\tat org.openqa.selenium.remote.RemoteWebDriver.findElement(RemoteWebDriver.java:315)\r\n\tat org.openqa.selenium.support.ui.ExpectedConditions$7.apply(ExpectedConditions.java:205)\r\n\tat org.openqa.selenium.support.ui.ExpectedConditions$7.apply(ExpectedConditions.java:201)\r\n\tat org.openqa.selenium.support.ui.ExpectedConditions$22.apply(ExpectedConditions.java:641)\r\n\tat org.openqa.selenium.support.ui.ExpectedConditions$22.apply(ExpectedConditions.java:638)\r\n\tat org.openqa.selenium.support.ui.FluentWait.until(FluentWait.java:249)\r\n\t... 20 more\r\n"},"stage":"finished","steps":[{"name":"login with username and password step...","status":"passed","stage":"finished","steps":[],"attachments":[],"parameters":[{"name":"username","value":"suknecosti@vusra.com"},{"name":"password","value":"Denovo@2021"}],"start":1681195899695,"stop":1681195901577},{"name":"QuickSale Info","status":"broken","statusDetails":{"known":false,"muted":false,"flaky":false,"message":"Expected condition failed: waiting for element to be clickable: By.xpath: //a[contains(text(),'Tip & Tax')] (tried for 15 second(s) with 500 milliseconds interval)","trace":"org.openqa.selenium.TimeoutException: Expected condition failed: waiting for element to be clickable: By.xpath: //a[contains(text(),'Tip & Tax')] (tried for 15 second(s) with 500 milliseconds interval)\r\n\tat org.openqa.selenium.support.ui.WebDriverWait.timeoutException(WebDriverWait.java:95)\r\n\tat org.openqa.selenium.support.ui.FluentWait.until(FluentWait.java:272)\r\n\tat com.denovo.factories.ExplicitWaitFactory.performExplicityWait(ExplicitWaitFactory.java:17)\r\n\tat com.denovo.Pages.BasePage.click(BasePage.java:15)\r\n\tat com.denovo.Pages.QuickPayWithPayNowCustomFeePage.verifyClickTipTaxSection(QuickPayWithPayNowCustomFeePage.java:156)\r\n\tat com.denovo.Pages.QuickPayWithPayNowCustomFeePage.fillQuickSaleWithCustomFeeParamInfo(QuickPayWithPayNowCustomFeePage.java:181)\r\n\tat com.denovo.Pages.QuickPayWithPayNowCustomFeePage.verifyQuickPayWithCustomFeeFormIsoLogin(QuickPayWithPayNowCustomFeePage.java:273)\r\n\tat com.denovo.testscripts.CustomFeeTxWithQPayNow_MerchantPrimaryLogin.customFeeTxWithQPayNow_MerchantPrimaryLogin(CustomFeeTxWithQPayNow_MerchantPrimaryLogin.java:27)\r\n\tat jdk.internal.reflect.GeneratedMethodAccessor29.invoke(Unknown Source)\r\n\tat java.base/jdk.internal.reflect.DelegatingMethodAccessorImpl.invoke(DelegatingMethodAccessorImpl.java:43)\r\n\tat java.base/java.lang.reflect.Method.invoke(Method.java:564)\r\n\tat org.testng.internal.MethodInvocationHelper.invokeMethod(MethodInvocationHelper.java:133)\r\n\tat org.testng.internal.TestInvoker.invokeMethod(TestInvoker.java:598)\r\n\tat org.testng.internal.TestInvoker.invokeTestMethod(TestInvoker.java:173)\r\n\tat org.testng.internal.TestMethodWithDataProviderMethodWorker.call(TestMethodWithDataProviderMethodWorker.java:77)\r\n\tat org.testng.internal.TestMethodWithDataProviderMethodWorker.call(TestMethodWithDataProviderMethodWorker.java:15)\r\n\tat java.base/java.util.concurrent.FutureTask.run(FutureTask.java:264)\r\n\tat java.base/java.util.concurrent.Executors$RunnableAdapter.call(Executors.java:515)\r\n\tat java.base/java.util.concurrent.FutureTask.run(FutureTask.java:264)\r\n\tat java.base/java.util.concurrent.ThreadPoolExecutor.runWorker(ThreadPoolExecutor.java:1130)\r\n\tat java.base/java.util.concurrent.ThreadPoolExecutor$Worker.run(ThreadPoolExecutor.java:630)\r\n\tat java.base/java.lang.Thread.run(Thread.java:832)\r\nCaused by: org.openqa.selenium.NoSuchElementException: no such element: Unable to locate element: {\"method\":\"xpath\",\"selector\":\"//a[contains(text(),'Tip & Tax')]\"}\n  (Session info: chrome=111.0.5563.147)\nFor documentation on this error, please visit: https://www.seleniumhq.org/exceptions/no_such_element.html\nBuild info: version: '3.141.59', revision: 'e82be7d358', time: '2018-11-14T08:17:03'\nSystem info: host: 'DESKTOP-2K98EE4', ip: '192.168.0.118', os.name: 'Windows 10', os.arch: 'amd64', os.version: '10.0', java.version: '15.0.2'\nDriver info: org.openqa.selenium.chrome.ChromeDriver\nCapabilities {acceptInsecureCerts: false, browserName: chrome, browserVersion: 111.0.5563.147, chrome: {chromedriverVersion: 111.0.5563.64 (c710e93d5b63..., userDataDir: C:\\Users\\MYPC~1\\AppData\\Loc...}, goog:chromeOptions: {debuggerAddress: localhost:63806}, javascriptEnabled: true, networkConnectionEnabled: false, pageLoadStrategy: normal, platform: WINDOWS, platformName: WINDOWS, proxy: Proxy(), setWindowRect: true, strictFileInteractability: false, timeouts: {implicit: 0, pageLoad: 300000, script: 30000}, unhandledPromptBehavior: dismiss and notify, webauthn:extension:credBlob: true, webauthn:extension:largeBlob: true, webauthn:extension:minPinLength: true, webauthn:extension:prf: true, webauthn:virtualAuthenticators: true}\nSession ID: e6be5824b6d267bbdf065f0e5ef295e3\n*** Element info: {Using=xpath, value=//a[contains(text(),'Tip & Tax')]}\r\n\tat jdk.internal.reflect.GeneratedConstructorAccessor31.newInstance(Unknown Source)\r\n\tat java.base/jdk.internal.reflect.DelegatingConstructorAccessorImpl.newInstance(DelegatingConstructorAccessorImpl.java:45)\r\n\tat java.base/java.lang.reflect.Constructor.newInstanceWithCaller(Constructor.java:500)\r\n\tat java.base/java.lang.reflect.Constructor.newInstance(Constructor.java:481)\r\n\tat org.openqa.selenium.remote.http.W3CHttpResponseCodec.createException(W3CHttpResponseCodec.java:187)\r\n\tat org.openqa.selenium.remote.http.W3CHttpResponseCodec.decode(W3CHttpResponseCodec.java:122)\r\n\tat org.openqa.selenium.remote.http.W3CHttpResponseCodec.decode(W3CHttpResponseCodec.java:49)\r\n\tat org.openqa.selenium.remote.HttpCommandExecutor.execute(HttpCommandExecutor.java:158)\r\n\tat org.openqa.selenium.remote.service.DriverCommandExecutor.execute(DriverCommandExecutor.java:83)\r\n\tat org.openqa.selenium.remote.RemoteWebDriver.execute(RemoteWebDriver.java:552)\r\n\tat org.openqa.selenium.remote.RemoteWebDriver.findElement(RemoteWebDriver.java:323)\r\n\tat org.openqa.selenium.remote.RemoteWebDriver.findElementByXPath(RemoteWebDriver.java:428)\r\n\tat org.openqa.selenium.By$ByXPath.findElement(By.java:353)\r\n\tat org.openqa.selenium.remote.RemoteWebDriver.findElement(RemoteWebDriver.java:315)\r\n\tat org.openqa.selenium.support.ui.ExpectedConditions$7.apply(ExpectedConditions.java:205)\r\n\tat org.openqa.selenium.support.ui.ExpectedConditions$7.apply(ExpectedConditions.java:201)\r\n\tat org.openqa.selenium.support.ui.ExpectedConditions$22.apply(ExpectedConditions.java:641)\r\n\tat org.openqa.selenium.support.ui.ExpectedConditions$22.apply(ExpectedConditions.java:638)\r\n\tat org.openqa.selenium.support.ui.FluentWait.until(FluentWait.java:249)\r\n\t... 20 more\r\n"},"stage":"finished","steps":[{"name":"Click the Steam Link","status":"passed","stage":"finished","steps":[],"attachments":[],"parameters":[],"start":1681195901578,"stop":1681195907211},{"name":"Click the Steam Link","status":"passed","stage":"finished","steps":[],"attachments":[],"parameters":[],"start":1681195907212,"stop":1681195907746},{"name":"Click the Edit Parameter button","status":"passed","stage":"finished","steps":[],"attachments":[],"parameters":[],"start":1681195926077,"stop":1681195926843},{"name":"verifyClickTipTaxSection","status":"broken","statusDetails":{"known":false,"muted":false,"flaky":false,"message":"Expected condition failed: waiting for element to be clickable: By.xpath: //a[contains(text(),'Tip & Tax')] (tried for 15 second(s) with 500 milliseconds interval)","trace":"org.openqa.selenium.TimeoutException: Expected condition failed: waiting for element to be clickable: By.xpath: //a[contains(text(),'Tip & Tax')] (tried for 15 second(s) with 500 milliseconds interval)\r\n\tat org.openqa.selenium.support.ui.WebDriverWait.timeoutException(WebDriverWait.java:95)\r\n\tat org.openqa.selenium.support.ui.FluentWait.until(FluentWait.java:272)\r\n\tat com.denovo.factories.ExplicitWaitFactory.performExplicityWait(ExplicitWaitFactory.java:17)\r\n\tat com.denovo.Pages.BasePage.click(BasePage.java:15)\r\n\tat com.denovo.Pages.QuickPayWithPayNowCustomFeePage.verifyClickTipTaxSection(QuickPayWithPayNowCustomFeePage.java:156)\r\n\tat com.denovo.Pages.QuickPayWithPayNowCustomFeePage.fillQuickSaleWithCustomFeeParamInfo(QuickPayWithPayNowCustomFeePage.java:181)\r\n\tat com.denovo.Pages.QuickPayWithPayNowCustomFeePage.verifyQuickPayWithCustomFeeFormIsoLogin(QuickPayWithPayNowCustomFeePage.java:273)\r\n\tat com.denovo.testscripts.CustomFeeTxWithQPayNow_MerchantPrimaryLogin.customFeeTxWithQPayNow_MerchantPrimaryLogin(CustomFeeTxWithQPayNow_MerchantPrimaryLogin.java:27)\r\n\tat jdk.internal.reflect.GeneratedMethodAccessor29.invoke(Unknown Source)\r\n\tat java.base/jdk.internal.reflect.DelegatingMethodAccessorImpl.invoke(DelegatingMethodAccessorImpl.java:43)\r\n\tat java.base/java.lang.reflect.Method.invoke(Method.java:564)\r\n\tat org.testng.internal.MethodInvocationHelper.invokeMethod(MethodInvocationHelper.java:133)\r\n\tat org.testng.internal.TestInvoker.invokeMethod(TestInvoker.java:598)\r\n\tat org.testng.internal.TestInvoker.invokeTestMethod(TestInvoker.java:173)\r\n\tat org.testng.internal.TestMethodWithDataProviderMethodWorker.call(TestMethodWithDataProviderMethodWorker.java:77)\r\n\tat org.testng.internal.TestMethodWithDataProviderMethodWorker.call(TestMethodWithDataProviderMethodWorker.java:15)\r\n\tat java.base/java.util.concurrent.FutureTask.run(FutureTask.java:264)\r\n\tat java.base/java.util.concurrent.Executors$RunnableAdapter.call(Executors.java:515)\r\n\tat java.base/java.util.concurrent.FutureTask.run(FutureTask.java:264)\r\n\tat java.base/java.util.concurrent.ThreadPoolExecutor.runWorker(ThreadPoolExecutor.java:1130)\r\n\tat java.base/java.util.concurrent.ThreadPoolExecutor$Worker.run(ThreadPoolExecutor.java:630)\r\n\tat java.base/java.lang.Thread.run(Thread.java:832)\r\nCaused by: org.openqa.selenium.NoSuchElementException: no such element: Unable to locate element: {\"method\":\"xpath\",\"selector\":\"//a[contains(text(),'Tip & Tax')]\"}\n  (Session info: chrome=111.0.5563.147)\nFor documentation on this error, please visit: https://www.seleniumhq.org/exceptions/no_such_element.html\nBuild info: version: '3.141.59', revision: 'e82be7d358', time: '2018-11-14T08:17:03'\nSystem info: host: 'DESKTOP-2K98EE4', ip: '192.168.0.118', os.name: 'Windows 10', os.arch: 'amd64', os.version: '10.0', java.version: '15.0.2'\nDriver info: org.openqa.selenium.chrome.ChromeDriver\nCapabilities {acceptInsecureCerts: false, browserName: chrome, browserVersion: 111.0.5563.147, chrome: {chromedriverVersion: 111.0.5563.64 (c710e93d5b63..., userDataDir: C:\\Users\\MYPC~1\\AppData\\Loc...}, goog:chromeOptions: {debuggerAddress: localhost:63806}, javascriptEnabled: true, networkConnectionEnabled: false, pageLoadStrategy: normal, platform: WINDOWS, platformName: WINDOWS, proxy: Proxy(), setWindowRect: true, strictFileInteractability: false, timeouts: {implicit: 0, pageLoad: 300000, script: 30000}, unhandledPromptBehavior: dismiss and notify, webauthn:extension:credBlob: true, webauthn:extension:largeBlob: true, webauthn:extension:minPinLength: true, webauthn:extension:prf: true, webauthn:virtualAuthenticators: true}\nSession ID: e6be5824b6d267bbdf065f0e5ef295e3\n*** Element info: {Using=xpath, value=//a[contains(text(),'Tip & Tax')]}\r\n\tat jdk.internal.reflect.GeneratedConstructorAccessor31.newInstance(Unknown Source)\r\n\tat java.base/jdk.internal.reflect.DelegatingConstructorAccessorImpl.newInstance(DelegatingConstructorAccessorImpl.java:45)\r\n\tat java.base/java.lang.reflect.Constructor.newInstanceWithCaller(Constructor.java:500)\r\n\tat java.base/java.lang.reflect.Constructor.newInstance(Constructor.java:481)\r\n\tat org.openqa.selenium.remote.http.W3CHttpResponseCodec.createException(W3CHttpResponseCodec.java:187)\r\n\tat org.openqa.selenium.remote.http.W3CHttpResponseCodec.decode(W3CHttpResponseCodec.java:122)\r\n\tat org.openqa.selenium.remote.http.W3CHttpResponseCodec.decode(W3CHttpResponseCodec.java:49)\r\n\tat org.openqa.selenium.remote.HttpCommandExecutor.execute(HttpCommandExecutor.java:158)\r\n\tat org.openqa.selenium.remote.service.DriverCommandExecutor.execute(DriverCommandExecutor.java:83)\r\n\tat org.openqa.selenium.remote.RemoteWebDriver.execute(RemoteWebDriver.java:552)\r\n\tat org.openqa.selenium.remote.RemoteWebDriver.findElement(RemoteWebDriver.java:323)\r\n\tat org.openqa.selenium.remote.RemoteWebDriver.findElementByXPath(RemoteWebDriver.java:428)\r\n\tat org.openqa.selenium.By$ByXPath.findElement(By.java:353)\r\n\tat org.openqa.selenium.remote.RemoteWebDriver.findElement(RemoteWebDriver.java:315)\r\n\tat org.openqa.selenium.support.ui.ExpectedConditions$7.apply(ExpectedConditions.java:205)\r\n\tat org.openqa.selenium.support.ui.ExpectedConditions$7.apply(ExpectedConditions.java:201)\r\n\tat org.openqa.selenium.support.ui.ExpectedConditions$22.apply(ExpectedConditions.java:641)\r\n\tat org.openqa.selenium.support.ui.ExpectedConditions$22.apply(ExpectedConditions.java:638)\r\n\tat org.openqa.selenium.support.ui.FluentWait.until(FluentWait.java:249)\r\n\t... 20 more\r\n"},"stage":"finished","steps":[],"attachments":[],"parameters":[],"start":1681195926843,"stop":1681195941845}],"attachments":[],"parameters":[{"name":"data","value":"{country=India, Action=Quick Pay, Email=@cloud-mail.top, Tax=No, DisplayLabel=CustomFee, Exp Date=12/25, TPN=161423138989, Phone=, MerchantPrimaryPwd=Denovo@2021, MerchantPrimaryUser=begnutoltu@gufum.com, CustomFeeTPN=161423138989, typePercentageOrDollar=%, DiscloseFee=Yes, Expected FeeAmt=0.05, Capped At=4.99, ISOPrimaryEmail=suknecosti@vusra.com, Fee=Enable, Amount=1.00, Transaction Type=Sale, Expected TotalAmt=1.05, Payment Type=Pay now, Fee Type=CustomFee, Expected BaseAmt=1.00, Tip=No, Percentage Of Tx Amount=100, Card Number=4242424242424242, ISOPrimaryPwd=Denovo@2021}"}],"start":1681195901577,"stop":1681195941845}],"attachments":[],"parameters":[{"name":"arg0","value":"{country=India, Action=Quick Pay, Email=@cloud-mail.top, Tax=No, DisplayLabel=CustomFee, Exp Date=12/25, TPN=161423138989, Phone=, MerchantPrimaryPwd=Denovo@2021, MerchantPrimaryUser=begnutoltu@gufum.com, CustomFeeTPN=161423138989, typePercentageOrDollar=%, DiscloseFee=Yes, Expected FeeAmt=0.05, Capped At=4.99, ISOPrimaryEmail=suknecosti@vusra.com, Fee=Enable, Amount=1.00, Transaction Type=Sale, Expected TotalAmt=1.05, Payment Type=Pay now, Fee Type=CustomFee, Expected BaseAmt=1.00, Tip=No, Percentage Of Tx Amount=100, Card Number=4242424242424242, ISOPrimaryPwd=Denovo@2021}"}],"start":1681195899694,"stop":1681195941846,"uuid":"5c4c67ac-bf50-475f-8e50-01f28b491c5d","historyId":"af12470b6a54352cf2e13bf078c95900","fullName":"com.denovo.testscripts.CustomFeeTxWithQPayNow_MerchantPrimaryLogin.customFeeTxWithQPayNow_MerchantPrimaryLogin","labels":[{"name":"package","value":"com.denovo.testscripts.CustomFeeTxWithQPayNow_MerchantPrimaryLogin"},{"name":"testClass","value":"com.denovo.testscripts.CustomFeeTxWithQPayNow_MerchantPrimaryLogin"},{"name":"testMethod","value":"customFeeTxWithQPayNow_MerchantPrimaryLogin"},{"name":"parentSuite","value":"DenovoWebPortal Suite File"},{"name":"suite","value":"RegressionTest"},{"name":"subSuite","value":"com.denovo.testscripts.CustomFeeTxWithQPayNow_MerchantPrimaryLogin"},{"name":"host","value":"DESKTOP-2K98EE4"},{"name":"thread","value":"17080@DESKTOP-2K98EE4.TestNG-PoolService-0(24)"},{"name":"framework","value":"testng"},{"name":"language","value":"java"}],"links":[]}