{"name":"ValidateQuickPayWithSurchargeFee","status":"broken","statusDetails":{"known":false,"muted":false,"flaky":false,"message":"Expected condition failed: waiting for visibility of element located by By.xpath: //h5[@class='mt-2 mb-1 text-center'] (tried for 10 second(s) with 500 milliseconds interval)","trace":"org.openqa.selenium.TimeoutException: Expected condition failed: waiting for visibility of element located by By.xpath: //h5[@class='mt-2 mb-1 text-center'] (tried for 10 second(s) with 500 milliseconds interval)\r\n\tat org.openqa.selenium.support.ui.WebDriverWait.timeoutException(WebDriverWait.java:95)\r\n\tat org.openqa.selenium.support.ui.FluentWait.until(FluentWait.java:272)\r\n\tat com.denovo.factories.ExplicitWaitFactory.performExplicityWait(ExplicitWaitFactory.java:25)\r\n\tat com.denovo.Pages.QuickPayWithPayNowCustomFeePage.fillQuickSaleWithCustomFeeParamInfo(QuickPayWithPayNowCustomFeePage.java:214)\r\n\tat com.denovo.Pages.QuickPayWithPayNowCustomFeePage.verifyQuickPayWithCustomFeeFormIsoLogin(QuickPayWithPayNowCustomFeePage.java:265)\r\n\tat com.denovo.testscripts.QuickPayWithCustomFeeTest.ValidateQuickPayWithSurchargeFee(QuickPayWithCustomFeeTest.java:26)\r\n\tat java.base/jdk.internal.reflect.NativeMethodAccessorImpl.invoke0(Native Method)\r\n\tat java.base/jdk.internal.reflect.NativeMethodAccessorImpl.invoke(NativeMethodAccessorImpl.java:64)\r\n\tat java.base/jdk.internal.reflect.DelegatingMethodAccessorImpl.invoke(DelegatingMethodAccessorImpl.java:43)\r\n\tat java.base/java.lang.reflect.Method.invoke(Method.java:564)\r\n\tat org.testng.internal.MethodInvocationHelper.invokeMethod(MethodInvocationHelper.java:133)\r\n\tat org.testng.internal.TestInvoker.invokeMethod(TestInvoker.java:598)\r\n\tat org.testng.internal.TestInvoker.invokeTestMethod(TestInvoker.java:173)\r\n\tat org.testng.internal.MethodRunner.runInSequence(MethodRunner.java:46)\r\n\tat org.testng.internal.TestInvoker$MethodInvocationAgent.invoke(TestInvoker.java:824)\r\n\tat org.testng.internal.TestInvoker.invokeTestMethods(TestInvoker.java:146)\r\n\tat org.testng.internal.TestMethodWorker.invokeTestMethods(TestMethodWorker.java:146)\r\n\tat org.testng.internal.TestMethodWorker.run(TestMethodWorker.java:128)\r\n\tat java.base/java.util.ArrayList.forEach(ArrayList.java:1511)\r\n\tat org.testng.TestRunner.privateRun(TestRunner.java:794)\r\n\tat org.testng.TestRunner.run(TestRunner.java:596)\r\n\tat org.testng.SuiteRunner.runTest(SuiteRunner.java:377)\r\n\tat org.testng.SuiteRunner.runSequentially(SuiteRunner.java:371)\r\n\tat org.testng.SuiteRunner.privateRun(SuiteRunner.java:332)\r\n\tat org.testng.SuiteRunner.run(SuiteRunner.java:276)\r\n\tat org.testng.SuiteRunnerWorker.runSuite(SuiteRunnerWorker.java:53)\r\n\tat org.testng.SuiteRunnerWorker.run(SuiteRunnerWorker.java:96)\r\n\tat org.testng.TestNG.runSuitesSequentially(TestNG.java:1212)\r\n\tat org.testng.TestNG.runSuitesLocally(TestNG.java:1134)\r\n\tat org.testng.TestNG.runSuites(TestNG.java:1063)\r\n\tat org.testng.TestNG.run(TestNG.java:1031)\r\n\tat com.intellij.rt.testng.IDEARemoteTestNG.run(IDEARemoteTestNG.java:66)\r\n\tat com.intellij.rt.testng.RemoteTestNGStarter.main(RemoteTestNGStarter.java:109)\r\nCaused by: org.openqa.selenium.NoSuchElementException: no such element: Unable to locate element: {\"method\":\"xpath\",\"selector\":\"//h5[@class='mt-2 mb-1 text-center']\"}\n  (Session info: chrome=111.0.5563.147)\nFor documentation on this error, please visit: https://www.seleniumhq.org/exceptions/no_such_element.html\nBuild info: version: '3.141.59', revision: 'e82be7d358', time: '2018-11-14T08:17:03'\nSystem info: host: 'DESKTOP-2K98EE4', ip: '192.168.0.167', os.name: 'Windows 10', os.arch: 'amd64', os.version: '10.0', java.version: '15.0.2'\nDriver info: org.openqa.selenium.chrome.ChromeDriver\nCapabilities {acceptInsecureCerts: false, browserName: chrome, browserVersion: 111.0.5563.147, chrome: {chromedriverVersion: 111.0.5563.64 (c710e93d5b63..., userDataDir: C:\\Users\\MYPC~1\\AppData\\Loc...}, goog:chromeOptions: {debuggerAddress: localhost:62940}, javascriptEnabled: true, networkConnectionEnabled: false, pageLoadStrategy: normal, platform: WINDOWS, platformName: WINDOWS, proxy: Proxy(), setWindowRect: true, strictFileInteractability: false, timeouts: {implicit: 0, pageLoad: 300000, script: 30000}, unhandledPromptBehavior: dismiss and notify, webauthn:extension:credBlob: true, webauthn:extension:largeBlob: true, webauthn:extension:minPinLength: true, webauthn:extension:prf: true, webauthn:virtualAuthenticators: true}\nSession ID: 6260581f694dabcf9a4cb88ad2be4776\n*** Element info: {Using=xpath, value=//h5[@class='mt-2 mb-1 text-center']}\r\n\tat jdk.internal.reflect.GeneratedConstructorAccessor20.newInstance(Unknown Source)\r\n\tat java.base/jdk.internal.reflect.DelegatingConstructorAccessorImpl.newInstance(DelegatingConstructorAccessorImpl.java:45)\r\n\tat java.base/java.lang.reflect.Constructor.newInstanceWithCaller(Constructor.java:500)\r\n\tat java.base/java.lang.reflect.Constructor.newInstance(Constructor.java:481)\r\n\tat org.openqa.selenium.remote.http.W3CHttpResponseCodec.createException(W3CHttpResponseCodec.java:187)\r\n\tat org.openqa.selenium.remote.http.W3CHttpResponseCodec.decode(W3CHttpResponseCodec.java:122)\r\n\tat org.openqa.selenium.remote.http.W3CHttpResponseCodec.decode(W3CHttpResponseCodec.java:49)\r\n\tat org.openqa.selenium.remote.HttpCommandExecutor.execute(HttpCommandExecutor.java:158)\r\n\tat org.openqa.selenium.remote.service.DriverCommandExecutor.execute(DriverCommandExecutor.java:83)\r\n\tat org.openqa.selenium.remote.RemoteWebDriver.execute(RemoteWebDriver.java:552)\r\n\tat org.openqa.selenium.remote.RemoteWebDriver.findElement(RemoteWebDriver.java:323)\r\n\tat org.openqa.selenium.remote.RemoteWebDriver.findElementByXPath(RemoteWebDriver.java:428)\r\n\tat org.openqa.selenium.By$ByXPath.findElement(By.java:353)\r\n\tat org.openqa.selenium.remote.RemoteWebDriver.findElement(RemoteWebDriver.java:315)\r\n\tat org.openqa.selenium.support.ui.ExpectedConditions$7.apply(ExpectedConditions.java:205)\r\n\tat org.openqa.selenium.support.ui.ExpectedConditions$7.apply(ExpectedConditions.java:201)\r\n\tat org.openqa.selenium.support.ui.FluentWait.until(FluentWait.java:249)\r\n\t... 31 more\r\n"},"stage":"finished","steps":[{"name":"login with username and password step...","status":"passed","stage":"finished","steps":[],"attachments":[],"parameters":[{"name":"username","value":"bhaskarmurthy215@gmail.com"},{"name":"password","value":"Denovo@2021"}],"start":1680718429545,"stop":1680718430422},{"name":"QuickSale Info","status":"broken","statusDetails":{"known":false,"muted":false,"flaky":false,"message":"Expected condition failed: waiting for visibility of element located by By.xpath: //h5[@class='mt-2 mb-1 text-center'] (tried for 10 second(s) with 500 milliseconds interval)","trace":"org.openqa.selenium.TimeoutException: Expected condition failed: waiting for visibility of element located by By.xpath: //h5[@class='mt-2 mb-1 text-center'] (tried for 10 second(s) with 500 milliseconds interval)\r\n\tat org.openqa.selenium.support.ui.WebDriverWait.timeoutException(WebDriverWait.java:95)\r\n\tat org.openqa.selenium.support.ui.FluentWait.until(FluentWait.java:272)\r\n\tat com.denovo.factories.ExplicitWaitFactory.performExplicityWait(ExplicitWaitFactory.java:25)\r\n\tat com.denovo.Pages.QuickPayWithPayNowCustomFeePage.fillQuickSaleWithCustomFeeParamInfo(QuickPayWithPayNowCustomFeePage.java:214)\r\n\tat com.denovo.Pages.QuickPayWithPayNowCustomFeePage.verifyQuickPayWithCustomFeeFormIsoLogin(QuickPayWithPayNowCustomFeePage.java:265)\r\n\tat com.denovo.testscripts.QuickPayWithCustomFeeTest.ValidateQuickPayWithSurchargeFee(QuickPayWithCustomFeeTest.java:26)\r\n\tat java.base/jdk.internal.reflect.NativeMethodAccessorImpl.invoke0(Native Method)\r\n\tat java.base/jdk.internal.reflect.NativeMethodAccessorImpl.invoke(NativeMethodAccessorImpl.java:64)\r\n\tat java.base/jdk.internal.reflect.DelegatingMethodAccessorImpl.invoke(DelegatingMethodAccessorImpl.java:43)\r\n\tat java.base/java.lang.reflect.Method.invoke(Method.java:564)\r\n\tat org.testng.internal.MethodInvocationHelper.invokeMethod(MethodInvocationHelper.java:133)\r\n\tat org.testng.internal.TestInvoker.invokeMethod(TestInvoker.java:598)\r\n\tat org.testng.internal.TestInvoker.invokeTestMethod(TestInvoker.java:173)\r\n\tat org.testng.internal.MethodRunner.runInSequence(MethodRunner.java:46)\r\n\tat org.testng.internal.TestInvoker$MethodInvocationAgent.invoke(TestInvoker.java:824)\r\n\tat org.testng.internal.TestInvoker.invokeTestMethods(TestInvoker.java:146)\r\n\tat org.testng.internal.TestMethodWorker.invokeTestMethods(TestMethodWorker.java:146)\r\n\tat org.testng.internal.TestMethodWorker.run(TestMethodWorker.java:128)\r\n\tat java.base/java.util.ArrayList.forEach(ArrayList.java:1511)\r\n\tat org.testng.TestRunner.privateRun(TestRunner.java:794)\r\n\tat org.testng.TestRunner.run(TestRunner.java:596)\r\n\tat org.testng.SuiteRunner.runTest(SuiteRunner.java:377)\r\n\tat org.testng.SuiteRunner.runSequentially(SuiteRunner.java:371)\r\n\tat org.testng.SuiteRunner.privateRun(SuiteRunner.java:332)\r\n\tat org.testng.SuiteRunner.run(SuiteRunner.java:276)\r\n\tat org.testng.SuiteRunnerWorker.runSuite(SuiteRunnerWorker.java:53)\r\n\tat org.testng.SuiteRunnerWorker.run(SuiteRunnerWorker.java:96)\r\n\tat org.testng.TestNG.runSuitesSequentially(TestNG.java:1212)\r\n\tat org.testng.TestNG.runSuitesLocally(TestNG.java:1134)\r\n\tat org.testng.TestNG.runSuites(TestNG.java:1063)\r\n\tat org.testng.TestNG.run(TestNG.java:1031)\r\n\tat com.intellij.rt.testng.IDEARemoteTestNG.run(IDEARemoteTestNG.java:66)\r\n\tat com.intellij.rt.testng.RemoteTestNGStarter.main(RemoteTestNGStarter.java:109)\r\nCaused by: org.openqa.selenium.NoSuchElementException: no such element: Unable to locate element: {\"method\":\"xpath\",\"selector\":\"//h5[@class='mt-2 mb-1 text-center']\"}\n  (Session info: chrome=111.0.5563.147)\nFor documentation on this error, please visit: https://www.seleniumhq.org/exceptions/no_such_element.html\nBuild info: version: '3.141.59', revision: 'e82be7d358', time: '2018-11-14T08:17:03'\nSystem info: host: 'DESKTOP-2K98EE4', ip: '192.168.0.167', os.name: 'Windows 10', os.arch: 'amd64', os.version: '10.0', java.version: '15.0.2'\nDriver info: org.openqa.selenium.chrome.ChromeDriver\nCapabilities {acceptInsecureCerts: false, browserName: chrome, browserVersion: 111.0.5563.147, chrome: {chromedriverVersion: 111.0.5563.64 (c710e93d5b63..., userDataDir: C:\\Users\\MYPC~1\\AppData\\Loc...}, goog:chromeOptions: {debuggerAddress: localhost:62940}, javascriptEnabled: true, networkConnectionEnabled: false, pageLoadStrategy: normal, platform: WINDOWS, platformName: WINDOWS, proxy: Proxy(), setWindowRect: true, strictFileInteractability: false, timeouts: {implicit: 0, pageLoad: 300000, script: 30000}, unhandledPromptBehavior: dismiss and notify, webauthn:extension:credBlob: true, webauthn:extension:largeBlob: true, webauthn:extension:minPinLength: true, webauthn:extension:prf: true, webauthn:virtualAuthenticators: true}\nSession ID: 6260581f694dabcf9a4cb88ad2be4776\n*** Element info: {Using=xpath, value=//h5[@class='mt-2 mb-1 text-center']}\r\n\tat jdk.internal.reflect.GeneratedConstructorAccessor20.newInstance(Unknown Source)\r\n\tat java.base/jdk.internal.reflect.DelegatingConstructorAccessorImpl.newInstance(DelegatingConstructorAccessorImpl.java:45)\r\n\tat java.base/java.lang.reflect.Constructor.newInstanceWithCaller(Constructor.java:500)\r\n\tat java.base/java.lang.reflect.Constructor.newInstance(Constructor.java:481)\r\n\tat org.openqa.selenium.remote.http.W3CHttpResponseCodec.createException(W3CHttpResponseCodec.java:187)\r\n\tat org.openqa.selenium.remote.http.W3CHttpResponseCodec.decode(W3CHttpResponseCodec.java:122)\r\n\tat org.openqa.selenium.remote.http.W3CHttpResponseCodec.decode(W3CHttpResponseCodec.java:49)\r\n\tat org.openqa.selenium.remote.HttpCommandExecutor.execute(HttpCommandExecutor.java:158)\r\n\tat org.openqa.selenium.remote.service.DriverCommandExecutor.execute(DriverCommandExecutor.java:83)\r\n\tat org.openqa.selenium.remote.RemoteWebDriver.execute(RemoteWebDriver.java:552)\r\n\tat org.openqa.selenium.remote.RemoteWebDriver.findElement(RemoteWebDriver.java:323)\r\n\tat org.openqa.selenium.remote.RemoteWebDriver.findElementByXPath(RemoteWebDriver.java:428)\r\n\tat org.openqa.selenium.By$ByXPath.findElement(By.java:353)\r\n\tat org.openqa.selenium.remote.RemoteWebDriver.findElement(RemoteWebDriver.java:315)\r\n\tat org.openqa.selenium.support.ui.ExpectedConditions$7.apply(ExpectedConditions.java:205)\r\n\tat org.openqa.selenium.support.ui.ExpectedConditions$7.apply(ExpectedConditions.java:201)\r\n\tat org.openqa.selenium.support.ui.FluentWait.until(FluentWait.java:249)\r\n\t... 31 more\r\n"},"stage":"finished","steps":[{"name":"Click the Steam Link","status":"passed","stage":"finished","steps":[],"attachments":[],"parameters":[],"start":1680718430424,"stop":1680718431463},{"name":"Click the Steam Link","status":"passed","stage":"finished","steps":[],"attachments":[],"parameters":[],"start":1680718431463,"stop":1680718431877},{"name":"Click the Edit Parameter button","status":"passed","stage":"finished","steps":[],"attachments":[],"parameters":[],"start":1680718437377,"stop":1680718438087},{"name":"verifyClickTipTaxSection","status":"passed","stage":"finished","steps":[],"attachments":[],"parameters":[],"start":1680718438088,"stop":1680718439360}],"attachments":[],"parameters":[{"name":"data","value":"{country=India, Action=Quick Pay, Email=@cloud-mail.top, Tax=No, DisplayLabel=CustomFe, Exp Date=12/25, CustomFee TPN=364222214920, TPN=364222214920, Phone=, MerchantPrimaryPwd=Denovo@2021, MerchantPrimaryUser=warren@cloud-mail.top, typePercentageOrDollar=%, DiscloseFee=Yes, Expected FeeAmt=0.04, Capped At=4, ISOPrimaryEmail=bhaskarmurthy215@gmail.com, Fee=Enable, Amount=1.00, Transaction Type=Sale, Expected TotalAmt=1.04, Payment Type=Pay now, Fee Type=CustomFee  , Expected BaseAmt=1.00, Tip=No, Percentage Of Tx Amount=4, Card Number=4242424242424242, ISOPrimaryPwd=Denovo@2021}"}],"start":1680718430423,"stop":1680718463178}],"attachments":[],"parameters":[{"name":"arg0","value":"{country=India, Action=Quick Pay, Email=@cloud-mail.top, Tax=No, DisplayLabel=CustomFe, Exp Date=12/25, CustomFee TPN=364222214920, TPN=364222214920, Phone=, MerchantPrimaryPwd=Denovo@2021, MerchantPrimaryUser=warren@cloud-mail.top, typePercentageOrDollar=%, DiscloseFee=Yes, Expected FeeAmt=0.04, Capped At=4, ISOPrimaryEmail=bhaskarmurthy215@gmail.com, Fee=Enable, Amount=1.00, Transaction Type=Sale, Expected TotalAmt=1.04, Payment Type=Pay now, Fee Type=CustomFee  , Expected BaseAmt=1.00, Tip=No, Percentage Of Tx Amount=4, Card Number=4242424242424242, ISOPrimaryPwd=Denovo@2021}"}],"start":1680718429500,"stop":1680718463217,"uuid":"72b842c4-98c9-49b2-bd29-b6127e478402","historyId":"916ecb486b96417e32148bc212c16749","fullName":"com.denovo.testscripts.QuickPayWithCustomFeeTest.ValidateQuickPayWithSurchargeFee","labels":[{"name":"package","value":"com.denovo.testscripts.QuickPayWithCustomFeeTest"},{"name":"testClass","value":"com.denovo.testscripts.QuickPayWithCustomFeeTest"},{"name":"testMethod","value":"ValidateQuickPayWithSurchargeFee"},{"name":"parentSuite","value":"Default Suite"},{"name":"suite","value":"JavaSteam"},{"name":"subSuite","value":"com.denovo.testscripts.QuickPayWithCustomFeeTest"},{"name":"host","value":"DESKTOP-2K98EE4"},{"name":"thread","value":"17060@DESKTOP-2K98EE4.main(1)"},{"name":"framework","value":"testng"},{"name":"language","value":"java"}],"links":[]}