{"name":"merchantCreation_AgentLogin_AddonUser_WithoutFeeProfile","status":"broken","statusDetails":{"known":false,"muted":false,"flaky":false,"message":"Keys to send should be a not null CharSequence","trace":"java.lang.IllegalArgumentException: Keys to send should be a not null CharSequence\r\n\tat org.openqa.selenium.remote.RemoteWebElement.sendKeys(RemoteWebElement.java:97)\r\n\tat com.denovo.Pages.BasePage.sendKeys(BasePage.java:23)\r\n\tat com.denovo.Pages.LoginPage.verifyLoginWithCorrectCredentials(LoginPage.java:31)\r\n\tat com.denovo.testscripts.MerchantCreation_AgentLogin_AddonUser_WithoutFeeProfile.merchantCreation_AgentLogin_AddonUser_WithoutFeeProfile(MerchantCreation_AgentLogin_AddonUser_WithoutFeeProfile.java:22)\r\n\tat java.base/jdk.internal.reflect.NativeMethodAccessorImpl.invoke0(Native Method)\r\n\tat java.base/jdk.internal.reflect.NativeMethodAccessorImpl.invoke(NativeMethodAccessorImpl.java:64)\r\n\tat java.base/jdk.internal.reflect.DelegatingMethodAccessorImpl.invoke(DelegatingMethodAccessorImpl.java:43)\r\n\tat java.base/java.lang.reflect.Method.invoke(Method.java:564)\r\n\tat org.testng.internal.MethodInvocationHelper.invokeMethod(MethodInvocationHelper.java:133)\r\n\tat org.testng.internal.TestInvoker.invokeMethod(TestInvoker.java:598)\r\n\tat org.testng.internal.TestInvoker.invokeTestMethod(TestInvoker.java:173)\r\n\tat org.testng.internal.MethodRunner.runInSequence(MethodRunner.java:46)\r\n\tat org.testng.internal.TestInvoker$MethodInvocationAgent.invoke(TestInvoker.java:824)\r\n\tat org.testng.internal.TestInvoker.invokeTestMethods(TestInvoker.java:146)\r\n\tat org.testng.internal.TestMethodWorker.invokeTestMethods(TestMethodWorker.java:146)\r\n\tat org.testng.internal.TestMethodWorker.run(TestMethodWorker.java:128)\r\n\tat java.base/java.util.concurrent.ThreadPoolExecutor.runWorker(ThreadPoolExecutor.java:1130)\r\n\tat java.base/java.util.concurrent.ThreadPoolExecutor$Worker.run(ThreadPoolExecutor.java:630)\r\n\tat java.base/java.lang.Thread.run(Thread.java:832)\r\n"},"stage":"finished","steps":[{"name":"login with username and password step...","status":"broken","statusDetails":{"known":false,"muted":false,"flaky":false,"message":"Keys to send should be a not null CharSequence","trace":"java.lang.IllegalArgumentException: Keys to send should be a not null CharSequence\r\n\tat org.openqa.selenium.remote.RemoteWebElement.sendKeys(RemoteWebElement.java:97)\r\n\tat com.denovo.Pages.BasePage.sendKeys(BasePage.java:23)\r\n\tat com.denovo.Pages.LoginPage.verifyLoginWithCorrectCredentials(LoginPage.java:31)\r\n\tat com.denovo.testscripts.MerchantCreation_AgentLogin_AddonUser_WithoutFeeProfile.merchantCreation_AgentLogin_AddonUser_WithoutFeeProfile(MerchantCreation_AgentLogin_AddonUser_WithoutFeeProfile.java:22)\r\n\tat java.base/jdk.internal.reflect.NativeMethodAccessorImpl.invoke0(Native Method)\r\n\tat java.base/jdk.internal.reflect.NativeMethodAccessorImpl.invoke(NativeMethodAccessorImpl.java:64)\r\n\tat java.base/jdk.internal.reflect.DelegatingMethodAccessorImpl.invoke(DelegatingMethodAccessorImpl.java:43)\r\n\tat java.base/java.lang.reflect.Method.invoke(Method.java:564)\r\n\tat org.testng.internal.MethodInvocationHelper.invokeMethod(MethodInvocationHelper.java:133)\r\n\tat org.testng.internal.TestInvoker.invokeMethod(TestInvoker.java:598)\r\n\tat org.testng.internal.TestInvoker.invokeTestMethod(TestInvoker.java:173)\r\n\tat org.testng.internal.MethodRunner.runInSequence(MethodRunner.java:46)\r\n\tat org.testng.internal.TestInvoker$MethodInvocationAgent.invoke(TestInvoker.java:824)\r\n\tat org.testng.internal.TestInvoker.invokeTestMethods(TestInvoker.java:146)\r\n\tat org.testng.internal.TestMethodWorker.invokeTestMethods(TestMethodWorker.java:146)\r\n\tat org.testng.internal.TestMethodWorker.run(TestMethodWorker.java:128)\r\n\tat java.base/java.util.concurrent.ThreadPoolExecutor.runWorker(ThreadPoolExecutor.java:1130)\r\n\tat java.base/java.util.concurrent.ThreadPoolExecutor$Worker.run(ThreadPoolExecutor.java:630)\r\n\tat java.base/java.lang.Thread.run(Thread.java:832)\r\n"},"stage":"finished","steps":[],"attachments":[],"parameters":[{"name":"username","value":"null"},{"name":"password","value":"null"}],"start":1680839711704,"stop":1680839711838}],"attachments":[],"parameters":[{"name":"arg0","value":"{Chain=111111, DBA=Patterson Cafe, Email=@cloud-mail.top, Processor=TSYS, Application Sign=Credit Debit,  MID=886000003338, Store=5999, Routing Type=Simple, Device Model=Cloud POS, Phone=3238474646, Ebt=ebtbhaskar, Manufacturer=Cloud POS, Select Profile=without fee, Agent=000000, StoreName=Cafe, FirstName=Patterson, ZipCode=90039, Bin=999991, Address2=, Address1=3847 Brunswick Ave, Mcc=5969, Default Label=Billing Counter, TermNo=1515, AgentAddonEmail=peteragentuser@plancetose.com\n, AgentAddonPwd=Denovo@2021, LastName=, TermID=75124668}"}],"start":1680839711703,"stop":1680839712008,"uuid":"7fe05f24-730d-429e-99bb-b4828ea8e310","historyId":"b7bb6b36d62345e4788f6cf45a3fc3d2","fullName":"com.denovo.testscripts.MerchantCreation_AgentLogin_AddonUser_WithoutFeeProfile.merchantCreation_AgentLogin_AddonUser_WithoutFeeProfile","labels":[{"name":"package","value":"com.denovo.testscripts.MerchantCreation_AgentLogin_AddonUser_WithoutFeeProfile"},{"name":"testClass","value":"com.denovo.testscripts.MerchantCreation_AgentLogin_AddonUser_WithoutFeeProfile"},{"name":"testMethod","value":"merchantCreation_AgentLogin_AddonUser_WithoutFeeProfile"},{"name":"parentSuite","value":"DenovoWebPortal Suite File"},{"name":"suite","value":"RegressionTest"},{"name":"subSuite","value":"com.denovo.testscripts.MerchantCreation_AgentLogin_AddonUser_WithoutFeeProfile"},{"name":"host","value":"DESKTOP-2K98EE4"},{"name":"thread","value":"30104@DESKTOP-2K98EE4.TestNG-test=RegressionTest-4(26)"},{"name":"framework","value":"testng"},{"name":"language","value":"java"}],"links":[]}