{"name":"customFeeTxWithQPaySendLink_MerchantPrimaryLogin","status":"broken","statusDetails":{"known":false,"muted":false,"flaky":false,"message":"Expected condition failed: waiting for visibility of element located by By.xpath: //b[@id='totalShowAmount'] (tried for 15 second(s) with 500 milliseconds interval)","trace":"org.openqa.selenium.TimeoutException: Expected condition failed: waiting for visibility of element located by By.xpath: //b[@id='totalShowAmount'] (tried for 15 second(s) with 500 milliseconds interval)\r\n\tat org.openqa.selenium.support.ui.WebDriverWait.timeoutException(WebDriverWait.java:95)\r\n\tat org.openqa.selenium.support.ui.FluentWait.until(FluentWait.java:272)\r\n\tat com.denovo.factories.ExplicitWaitFactory.performExplicityWait(ExplicitWaitFactory.java:25)\r\n\tat com.denovo.Pages.BasePage.getTexts(BasePage.java:38)\r\n\tat com.denovo.Pages.QPayWithSendLinkOnCustomFeePage.verifyFormTotalAmt(QPayWithSendLinkOnCustomFeePage.java:718)\r\n\tat com.denovo.Pages.QPayWithSendLinkOnCustomFeePage.fillSendLinkPaymentForm(QPayWithSendLinkOnCustomFeePage.java:690)\r\n\tat com.denovo.Pages.QPayWithSendLinkOnCustomFeePage.fillQPaySendLinkOnCustomFee(QPayWithSendLinkOnCustomFeePage.java:515)\r\n\tat com.denovo.Pages.QPayWithSendLinkOnCustomFeePage.verifyQPayWithSendLinkOnCustomFee(QPayWithSendLinkOnCustomFeePage.java:792)\r\n\tat com.denovo.testscripts.CustomFeeTxWithQPaySendLink_MerchantPrimaryLogin.customFeeTxWithQPaySendLink_MerchantPrimaryLogin(CustomFeeTxWithQPaySendLink_MerchantPrimaryLogin.java:39)\r\n\tat java.base/jdk.internal.reflect.NativeMethodAccessorImpl.invoke0(Native Method)\r\n\tat java.base/jdk.internal.reflect.NativeMethodAccessorImpl.invoke(NativeMethodAccessorImpl.java:64)\r\n\tat java.base/jdk.internal.reflect.DelegatingMethodAccessorImpl.invoke(DelegatingMethodAccessorImpl.java:43)\r\n\tat java.base/java.lang.reflect.Method.invoke(Method.java:564)\r\n\tat org.testng.internal.MethodInvocationHelper.invokeMethod(MethodInvocationHelper.java:133)\r\n\tat org.testng.internal.TestInvoker.invokeMethod(TestInvoker.java:598)\r\n\tat org.testng.internal.TestInvoker.invokeTestMethod(TestInvoker.java:173)\r\n\tat org.testng.internal.MethodRunner.runInSequence(MethodRunner.java:46)\r\n\tat org.testng.internal.TestInvoker$MethodInvocationAgent.invoke(TestInvoker.java:824)\r\n\tat org.testng.internal.TestInvoker.invokeTestMethods(TestInvoker.java:146)\r\n\tat org.testng.internal.TestMethodWorker.invokeTestMethods(TestMethodWorker.java:146)\r\n\tat org.testng.internal.TestMethodWorker.run(TestMethodWorker.java:128)\r\n\tat java.base/java.util.concurrent.ThreadPoolExecutor.runWorker(ThreadPoolExecutor.java:1130)\r\n\tat java.base/java.util.concurrent.ThreadPoolExecutor$Worker.run(ThreadPoolExecutor.java:630)\r\n\tat java.base/java.lang.Thread.run(Thread.java:832)\r\nCaused by: org.openqa.selenium.NoSuchElementException: no such element: Unable to locate element: {\"method\":\"xpath\",\"selector\":\"//b[@id='totalShowAmount']\"}\n  (Session info: chrome=94.0.4606.61)\nFor documentation on this error, please visit: https://www.seleniumhq.org/exceptions/no_such_element.html\nBuild info: version: '3.141.59', revision: 'e82be7d358', time: '2018-11-14T08:17:03'\nSystem info: host: 'DESKTOP-2K98EE4', ip: '192.168.0.167', os.name: 'Windows 10', os.arch: 'amd64', os.version: '10.0', java.version: '15.0.2'\nDriver info: org.openqa.selenium.remote.RemoteWebDriver\nCapabilities {acceptInsecureCerts: false, browserName: chrome, browserVersion: 94.0.4606.61, chrome: {chromedriverVersion: 94.0.4606.61 (418b78f5838ed..., userDataDir: /tmp/.com.google.Chrome.0adtVB}, goog:chromeOptions: {debuggerAddress: localhost:45171}, javascriptEnabled: true, networkConnectionEnabled: false, pageLoadStrategy: normal, platform: LINUX, platformName: LINUX, proxy: Proxy(), setWindowRect: true, strictFileInteractability: false, timeouts: {implicit: 0, pageLoad: 300000, script: 30000}, unhandledPromptBehavior: dismiss and notify, webauthn:extension:credBlob: true, webauthn:extension:largeBlob: true, webauthn:virtualAuthenticators: true, webdriver.remote.sessionid: 6f51d94d1b0fc9079967390f71e...}\nSession ID: 6f51d94d1b0fc9079967390f71e04bb8\n*** Element info: {Using=xpath, value=//b[@id='totalShowAmount']}\r\n\tat jdk.internal.reflect.GeneratedConstructorAccessor27.newInstance(Unknown Source)\r\n\tat java.base/jdk.internal.reflect.DelegatingConstructorAccessorImpl.newInstance(DelegatingConstructorAccessorImpl.java:45)\r\n\tat java.base/java.lang.reflect.Constructor.newInstanceWithCaller(Constructor.java:500)\r\n\tat java.base/java.lang.reflect.Constructor.newInstance(Constructor.java:481)\r\n\tat org.openqa.selenium.remote.http.W3CHttpResponseCodec.createException(W3CHttpResponseCodec.java:187)\r\n\tat org.openqa.selenium.remote.http.W3CHttpResponseCodec.decode(W3CHttpResponseCodec.java:122)\r\n\tat org.openqa.selenium.remote.http.W3CHttpResponseCodec.decode(W3CHttpResponseCodec.java:49)\r\n\tat org.openqa.selenium.remote.HttpCommandExecutor.execute(HttpCommandExecutor.java:158)\r\n\tat org.openqa.selenium.remote.RemoteWebDriver.execute(RemoteWebDriver.java:552)\r\n\tat org.openqa.selenium.remote.RemoteWebDriver.findElement(RemoteWebDriver.java:323)\r\n\tat org.openqa.selenium.remote.RemoteWebDriver.findElementByXPath(RemoteWebDriver.java:428)\r\n\tat org.openqa.selenium.By$ByXPath.findElement(By.java:353)\r\n\tat org.openqa.selenium.remote.RemoteWebDriver.findElement(RemoteWebDriver.java:315)\r\n\tat org.openqa.selenium.support.ui.ExpectedConditions$7.apply(ExpectedConditions.java:205)\r\n\tat org.openqa.selenium.support.ui.ExpectedConditions$7.apply(ExpectedConditions.java:201)\r\n\tat org.openqa.selenium.support.ui.FluentWait.until(FluentWait.java:249)\r\n\t... 22 more\r\n"},"stage":"finished","steps":[{"name":"login with username and password step...","status":"passed","stage":"finished","steps":[],"attachments":[],"parameters":[{"name":"username","value":"bhaskarmurthy215@gmail.com"},{"name":"password","value":"Denovo@2021"}],"start":1681475786085,"stop":1681475787028},{"name":"Click the Steam Link","status":"passed","stage":"finished","steps":[],"attachments":[],"parameters":[],"start":1681475787029,"stop":1681475791003},{"name":"Click the Steam Link","status":"passed","stage":"finished","steps":[],"attachments":[],"parameters":[],"start":1681475791003,"stop":1681475791453},{"name":"Click the Edit Parameter button","status":"passed","stage":"finished","steps":[],"attachments":[],"parameters":[],"start":1681475797392,"stop":1681475799812},{"name":"verifyClickTipTaxSection","status":"passed","stage":"finished","steps":[],"attachments":[],"parameters":[],"start":1681475799813,"stop":1681475801562},{"name":"verifyLogoutFromIso","status":"passed","stage":"finished","steps":[],"attachments":[],"parameters":[],"start":1681475826026,"stop":1681475826677},{"name":"login with username and password step...","status":"passed","stage":"finished","steps":[],"attachments":[],"parameters":[{"name":"username","value":"warren@cloud-mail.top"},{"name":"password","value":"Denovo@2021"}],"start":1681475826677,"stop":1681475828269}],"attachments":[],"parameters":[{"name":"arg0","value":"{CardNumber=5146 3150 0000 0055, country=India, Action=QuickPay, Email=@cloud-mail.top, Description=Description, Tax=No, DisplayLabel=CustomFee, CustomFee TPN=364222214920 , TPN=364222214920 , Phone=, ValueAdd=Disable, MerchantPrimaryPwd=Denovo@2021, MerchantPrimaryUser=warren@cloud-mail.top, typePercentageOrDollar=%, DiscloseFee=Yes, Expected FeeAmt=0.10, Capped At=4.99, ISOPrimaryEmail=bhaskarmurthy215@gmail.com, Fee=Enable, Amount=2.00, Expiration=12/24, Transaction Type=Sale, Disclaimer=Disclaimer, Expected TotalAmt=2.10, Payment Type=Sendlink, Expire=OneWeek, References=references12, Fee Type=CustomFee, Expected BaseAmt=2.01, Tip=No, Percentage Of Tx Amount=100, ISOPrimaryPwd=Denovo@2021, Browser=Chrome}"}],"start":1681475786017,"stop":1681475877162,"uuid":"846a4661-7830-4c60-a1a3-3301a1aea691","historyId":"d9fd7fb8dadd170dbec0c96cf5535668","fullName":"com.denovo.testscripts.CustomFeeTxWithQPaySendLink_MerchantPrimaryLogin.customFeeTxWithQPaySendLink_MerchantPrimaryLogin","labels":[{"name":"package","value":"com.denovo.testscripts.CustomFeeTxWithQPaySendLink_MerchantPrimaryLogin"},{"name":"testClass","value":"com.denovo.testscripts.CustomFeeTxWithQPaySendLink_MerchantPrimaryLogin"},{"name":"testMethod","value":"customFeeTxWithQPaySendLink_MerchantPrimaryLogin"},{"name":"parentSuite","value":"DenovoWebPortal Suite File"},{"name":"suite","value":"RegressionTest"},{"name":"subSuite","value":"com.denovo.testscripts.CustomFeeTxWithQPaySendLink_MerchantPrimaryLogin"},{"name":"host","value":"DESKTOP-2K98EE4"},{"name":"thread","value":"25200@DESKTOP-2K98EE4.TestNG-test=RegressionTest-1(23)"},{"name":"framework","value":"testng"},{"name":"language","value":"java"}],"links":[]}