{"name":"storeTpnCreation_IsoLogin_AddonUser","status":"broken","statusDetails":{"known":false,"muted":false,"flaky":false,"message":"Keys to send should be a not null CharSequence","trace":"java.lang.IllegalArgumentException: Keys to send should be a not null CharSequence\r\n\tat org.openqa.selenium.remote.RemoteWebElement.sendKeys(RemoteWebElement.java:97)\r\n\tat com.denovo.Pages.BasePage.sendKeys(BasePage.java:23)\r\n\tat com.denovo.Pages.LoginPage.verifyLoginWithCorrectCredentials(LoginPage.java:31)\r\n\tat com.denovo.testscripts.StoreTpnCreation_IsoLogin_AddonUser.storeTpnCreation_IsoLogin_AddonUser(StoreTpnCreation_IsoLogin_AddonUser.java:23)\r\n\tat java.base/jdk.internal.reflect.NativeMethodAccessorImpl.invoke0(Native Method)\r\n\tat java.base/jdk.internal.reflect.NativeMethodAccessorImpl.invoke(NativeMethodAccessorImpl.java:64)\r\n\tat java.base/jdk.internal.reflect.DelegatingMethodAccessorImpl.invoke(DelegatingMethodAccessorImpl.java:43)\r\n\tat java.base/java.lang.reflect.Method.invoke(Method.java:564)\r\n\tat org.testng.internal.MethodInvocationHelper.invokeMethod(MethodInvocationHelper.java:133)\r\n\tat org.testng.internal.TestInvoker.invokeMethod(TestInvoker.java:598)\r\n\tat org.testng.internal.TestInvoker.invokeTestMethod(TestInvoker.java:173)\r\n\tat org.testng.internal.MethodRunner.runInSequence(MethodRunner.java:46)\r\n\tat org.testng.internal.TestInvoker$MethodInvocationAgent.invoke(TestInvoker.java:824)\r\n\tat org.testng.internal.TestInvoker.invokeTestMethods(TestInvoker.java:146)\r\n\tat org.testng.internal.TestMethodWorker.invokeTestMethods(TestMethodWorker.java:146)\r\n\tat org.testng.internal.TestMethodWorker.run(TestMethodWorker.java:128)\r\n\tat java.base/java.util.concurrent.ThreadPoolExecutor.runWorker(ThreadPoolExecutor.java:1130)\r\n\tat java.base/java.util.concurrent.ThreadPoolExecutor$Worker.run(ThreadPoolExecutor.java:630)\r\n\tat java.base/java.lang.Thread.run(Thread.java:832)\r\n"},"stage":"finished","steps":[{"name":"login with username and password step...","status":"broken","statusDetails":{"known":false,"muted":false,"flaky":false,"message":"Keys to send should be a not null CharSequence","trace":"java.lang.IllegalArgumentException: Keys to send should be a not null CharSequence\r\n\tat org.openqa.selenium.remote.RemoteWebElement.sendKeys(RemoteWebElement.java:97)\r\n\tat com.denovo.Pages.BasePage.sendKeys(BasePage.java:23)\r\n\tat com.denovo.Pages.LoginPage.verifyLoginWithCorrectCredentials(LoginPage.java:31)\r\n\tat com.denovo.testscripts.StoreTpnCreation_IsoLogin_AddonUser.storeTpnCreation_IsoLogin_AddonUser(StoreTpnCreation_IsoLogin_AddonUser.java:23)\r\n\tat java.base/jdk.internal.reflect.NativeMethodAccessorImpl.invoke0(Native Method)\r\n\tat java.base/jdk.internal.reflect.NativeMethodAccessorImpl.invoke(NativeMethodAccessorImpl.java:64)\r\n\tat java.base/jdk.internal.reflect.DelegatingMethodAccessorImpl.invoke(DelegatingMethodAccessorImpl.java:43)\r\n\tat java.base/java.lang.reflect.Method.invoke(Method.java:564)\r\n\tat org.testng.internal.MethodInvocationHelper.invokeMethod(MethodInvocationHelper.java:133)\r\n\tat org.testng.internal.TestInvoker.invokeMethod(TestInvoker.java:598)\r\n\tat org.testng.internal.TestInvoker.invokeTestMethod(TestInvoker.java:173)\r\n\tat org.testng.internal.MethodRunner.runInSequence(MethodRunner.java:46)\r\n\tat org.testng.internal.TestInvoker$MethodInvocationAgent.invoke(TestInvoker.java:824)\r\n\tat org.testng.internal.TestInvoker.invokeTestMethods(TestInvoker.java:146)\r\n\tat org.testng.internal.TestMethodWorker.invokeTestMethods(TestMethodWorker.java:146)\r\n\tat org.testng.internal.TestMethodWorker.run(TestMethodWorker.java:128)\r\n\tat java.base/java.util.concurrent.ThreadPoolExecutor.runWorker(ThreadPoolExecutor.java:1130)\r\n\tat java.base/java.util.concurrent.ThreadPoolExecutor$Worker.run(ThreadPoolExecutor.java:630)\r\n\tat java.base/java.lang.Thread.run(Thread.java:832)\r\n"},"stage":"finished","steps":[],"attachments":[],"parameters":[{"name":"username","value":"null"},{"name":"password","value":"null"}],"start":1680865101551,"stop":1680865101787}],"attachments":[],"parameters":[{"name":"arg0","value":"{Chain=111111, DBA=Patterson store, Email=Store@Gmail.com, Processor=TSYS, Application Sign=Credit Debit, Merchant Name=Patterson Cafe,  MID=886000003338, iSOAddonPwd=Denovo@2021, Store=5999, Routing Type=Simple, Device Model=Cloud POS, Phone=2015550384, Manufacturer=Cloud POS, Select Profile=with fee, Agent=000000, FirstName=john, ZipCode=12345, Bin=999991, Address2=Address2, iSOAddonEmail=isouser@cloud-mail.top\n, Address1=Address1, Mcc=5969, Default Label=Patterson Cafe 4, TermNo=1515, LastName=, TermID=75124668}"}],"start":1680865101549,"stop":1680865102030,"uuid":"abb832a5-a78e-406a-b0d9-3fde29b4fcf6","historyId":"1d5efb92edc66c6519545f60bc8f4356","fullName":"com.denovo.testscripts.StoreTpnCreation_IsoLogin_AddonUser.storeTpnCreation_IsoLogin_AddonUser","labels":[{"name":"package","value":"com.denovo.testscripts.StoreTpnCreation_IsoLogin_AddonUser"},{"name":"testClass","value":"com.denovo.testscripts.StoreTpnCreation_IsoLogin_AddonUser"},{"name":"testMethod","value":"storeTpnCreation_IsoLogin_AddonUser"},{"name":"parentSuite","value":"DenovoWebPortal Suite File"},{"name":"suite","value":"RegressionTest"},{"name":"subSuite","value":"com.denovo.testscripts.StoreTpnCreation_IsoLogin_AddonUser"},{"name":"host","value":"DESKTOP-2K98EE4"},{"name":"thread","value":"23256@DESKTOP-2K98EE4.TestNG-test=RegressionTest-3(24)"},{"name":"framework","value":"testng"},{"name":"language","value":"java"}],"links":[]}