{"name":"storeTpnCreation_AgentLogin_AddonUser","status":"broken","statusDetails":{"known":false,"muted":false,"flaky":false,"message":"Keys to send should be a not null CharSequence","trace":"java.lang.IllegalArgumentException: Keys to send should be a not null CharSequence\r\n\tat org.openqa.selenium.remote.RemoteWebElement.sendKeys(RemoteWebElement.java:97)\r\n\tat com.denovo.Pages.BasePage.sendKeys(BasePage.java:23)\r\n\tat com.denovo.Pages.LoginPage.verifyLoginWithCorrectCredentials(LoginPage.java:31)\r\n\tat com.denovo.testscripts.StoreTpnCreation_AgentLogin_AddonUser.storeTpnCreation_AgentLogin_AddonUser(StoreTpnCreation_AgentLogin_AddonUser.java:23)\r\n\tat java.base/jdk.internal.reflect.NativeMethodAccessorImpl.invoke0(Native Method)\r\n\tat java.base/jdk.internal.reflect.NativeMethodAccessorImpl.invoke(NativeMethodAccessorImpl.java:64)\r\n\tat java.base/jdk.internal.reflect.DelegatingMethodAccessorImpl.invoke(DelegatingMethodAccessorImpl.java:43)\r\n\tat java.base/java.lang.reflect.Method.invoke(Method.java:564)\r\n\tat org.testng.internal.MethodInvocationHelper.invokeMethod(MethodInvocationHelper.java:133)\r\n\tat org.testng.internal.TestInvoker.invokeMethod(TestInvoker.java:598)\r\n\tat org.testng.internal.TestInvoker.invokeTestMethod(TestInvoker.java:173)\r\n\tat org.testng.internal.MethodRunner.runInSequence(MethodRunner.java:46)\r\n\tat org.testng.internal.TestInvoker$MethodInvocationAgent.invoke(TestInvoker.java:824)\r\n\tat org.testng.internal.TestInvoker.invokeTestMethods(TestInvoker.java:146)\r\n\tat org.testng.internal.TestMethodWorker.invokeTestMethods(TestMethodWorker.java:146)\r\n\tat org.testng.internal.TestMethodWorker.run(TestMethodWorker.java:128)\r\n\tat java.base/java.util.concurrent.ThreadPoolExecutor.runWorker(ThreadPoolExecutor.java:1130)\r\n\tat java.base/java.util.concurrent.ThreadPoolExecutor$Worker.run(ThreadPoolExecutor.java:630)\r\n\tat java.base/java.lang.Thread.run(Thread.java:832)\r\n"},"stage":"finished","steps":[{"name":"login with username and password step...","status":"broken","statusDetails":{"known":false,"muted":false,"flaky":false,"message":"Keys to send should be a not null CharSequence","trace":"java.lang.IllegalArgumentException: Keys to send should be a not null CharSequence\r\n\tat org.openqa.selenium.remote.RemoteWebElement.sendKeys(RemoteWebElement.java:97)\r\n\tat com.denovo.Pages.BasePage.sendKeys(BasePage.java:23)\r\n\tat com.denovo.Pages.LoginPage.verifyLoginWithCorrectCredentials(LoginPage.java:31)\r\n\tat com.denovo.testscripts.StoreTpnCreation_AgentLogin_AddonUser.storeTpnCreation_AgentLogin_AddonUser(StoreTpnCreation_AgentLogin_AddonUser.java:23)\r\n\tat java.base/jdk.internal.reflect.NativeMethodAccessorImpl.invoke0(Native Method)\r\n\tat java.base/jdk.internal.reflect.NativeMethodAccessorImpl.invoke(NativeMethodAccessorImpl.java:64)\r\n\tat java.base/jdk.internal.reflect.DelegatingMethodAccessorImpl.invoke(DelegatingMethodAccessorImpl.java:43)\r\n\tat java.base/java.lang.reflect.Method.invoke(Method.java:564)\r\n\tat org.testng.internal.MethodInvocationHelper.invokeMethod(MethodInvocationHelper.java:133)\r\n\tat org.testng.internal.TestInvoker.invokeMethod(TestInvoker.java:598)\r\n\tat org.testng.internal.TestInvoker.invokeTestMethod(TestInvoker.java:173)\r\n\tat org.testng.internal.MethodRunner.runInSequence(MethodRunner.java:46)\r\n\tat org.testng.internal.TestInvoker$MethodInvocationAgent.invoke(TestInvoker.java:824)\r\n\tat org.testng.internal.TestInvoker.invokeTestMethods(TestInvoker.java:146)\r\n\tat org.testng.internal.TestMethodWorker.invokeTestMethods(TestMethodWorker.java:146)\r\n\tat org.testng.internal.TestMethodWorker.run(TestMethodWorker.java:128)\r\n\tat java.base/java.util.concurrent.ThreadPoolExecutor.runWorker(ThreadPoolExecutor.java:1130)\r\n\tat java.base/java.util.concurrent.ThreadPoolExecutor$Worker.run(ThreadPoolExecutor.java:630)\r\n\tat java.base/java.lang.Thread.run(Thread.java:832)\r\n"},"stage":"finished","steps":[],"attachments":[],"parameters":[{"name":"username","value":"null"},{"name":"password","value":"null"}],"start":1680839738406,"stop":1680839738867}],"attachments":[],"parameters":[{"name":"arg0","value":"{Chain=111111, DBA=Patterson store, Email=Store@Gmail.com, Processor=TSYS, Application Sign=Credit Debit, Merchant Name=Patterson Cafe,  MID=886000003338, Store=5999, Routing Type=Simple, Device Model=Cloud POS, Phone=2015550384, Manufacturer=Cloud POS, Select Profile=with fee, Agent=000000, FirstName=john, ZipCode=12345, Bin=999991, Address2=Address2, Address1=Address1, Mcc=5969, AgentOfficeEmail=peteragentuser@plancetose.com, Default Label=Patterson Cafe 4, AgentOfficePwd=Denovo@2021, TermNo=1515, LastName=, TermID=75124668}"}],"start":1680839738406,"stop":1680839739098,"uuid":"dc2db0e5-13a0-4d46-9b18-8b259b6af669","historyId":"b1a98ce5cb0f7a942140108296a2ab11","fullName":"com.denovo.testscripts.StoreTpnCreation_AgentLogin_AddonUser.storeTpnCreation_AgentLogin_AddonUser","labels":[{"name":"package","value":"com.denovo.testscripts.StoreTpnCreation_AgentLogin_AddonUser"},{"name":"testClass","value":"com.denovo.testscripts.StoreTpnCreation_AgentLogin_AddonUser"},{"name":"testMethod","value":"storeTpnCreation_AgentLogin_AddonUser"},{"name":"parentSuite","value":"DenovoWebPortal Suite File"},{"name":"suite","value":"RegressionTest"},{"name":"subSuite","value":"com.denovo.testscripts.StoreTpnCreation_AgentLogin_AddonUser"},{"name":"host","value":"DESKTOP-2K98EE4"},{"name":"thread","value":"30104@DESKTOP-2K98EE4.TestNG-test=RegressionTest-4(26)"},{"name":"framework","value":"testng"},{"name":"language","value":"java"}],"links":[]}