<!DOCTYPE html PUBLIC "-//W3C//DTD XHTML 1.1//EN" "https://www.w3.org/TR/xhtml11/DTD/xhtml11.dtd">
<html xmlns="https://www.w3.org/1999/xhtml">
<head>
<meta http-equiv="content-type" content="text/html; charset=UTF-8"/>
<title>TestNG Report</title>
<style type="text/css">table {margin-bottom:10px;border-collapse:collapse;empty-cells:show}th,td {border:1px solid #009;padding:.25em .5em}th {vertical-align:bottom}td {vertical-align:top}table a {font-weight:bold}.stripe td {background-color: #E6EBF9}.num {text-align:right}.passedodd td {background-color: #3F3}.passedeven td {background-color: #0A0}.skippedodd td {background-color: #DDD}.skippedeven td {background-color: #CCC}.failedodd td,.attn {background-color: #F33}.failedeven td,.stripe .attn {background-color: #D00}.stacktrace {white-space:pre;font-family:monospace}.totop {font-size:85%;text-align:center;border-bottom:2px solid #000}.invisible {display:none}</style>
</head>
<body>
<table>
<tr><th>Test</th><th># Passed</th><th># Skipped</th><th># Retried</th><th># Failed</th><th>Time (ms)</th><th>Included Groups</th><th>Excluded Groups</th></tr>
<tr><th colspan="8">DenovoWebPortal Suite File</th></tr>
<tr><td><a href="#t0">RegressionTest</a></td><td class="num">1</td><td class="num">0</td><td class="num">0</td><td class="num attn">1</td><td class="num">71,120</td><td></td><td></td></tr>
</table>
<table id='summary'><thead><tr><th>Class</th><th>Method</th><th>Start</th><th>Time (ms)</th></tr></thead><tbody><tr><th colspan="4">DenovoWebPortal Suite File</th></tr></tbody><tbody id="t0"><tr><th colspan="4">RegressionTest &#8212; failed</th></tr><tr class="failedeven"><td rowspan="1">com.denovo.testscripts.CustomFeeTxWithQPaySendLink_MerchantPrimaryLogin</td><td><a href="#m0">customFeeTxWithQPaySendLink_MerchantPrimaryLogin</a></td><td rowspan="1">1681584126725</td><td rowspan="1">30126</td></tr><tr><th colspan="4">RegressionTest &#8212; passed</th></tr><tr class="passedeven"><td rowspan="1">com.denovo.testscripts.SystemLoginTransactionTest</td><td><a href="#m1">TransactionPageLoadingTest</a></td><td rowspan="1">1681584166323</td><td rowspan="1">16396</td></tr></tbody>
</table>
<h2>RegressionTest</h2><h3 id="m0">com.denovo.testscripts.CustomFeeTxWithQPaySendLink_MerchantPrimaryLogin#customFeeTxWithQPaySendLink_MerchantPrimaryLogin</h3><table class="result"><tr class="param"><th>Parameter #1</th></tr><tr class="param stripe"><td>{CardNumber=5146 3150 0000 0055, country=India, Action=QuickPay, Email=@cloud-mail.top, Description=Description, Tax=No, DisplayLabel=CustomFee, CustomFee TPN=364222214920 , TPN=364222214920 , Phone=, ValueAdd=Disable, MerchantPrimaryPwd=Denovo@2021, MerchantPrimaryUser=warren@cloud-mail.top, typePercentageOrDollar=%, DiscloseFee=Yes, Expected FeeAmt=0.10, Capped At=4.99, ISOPrimaryEmail=bhaskarmurthy215@gmail.com, Fee=Enable, Amount=2.00, Expiration=12/24, Transaction Type=Sale, Disclaimer=Disclaimer, Expected TotalAmt=2.10, Payment Type=Sendlink, Expire=OneWeek, References=references12, Fee Type=CustomFee, Expected BaseAmt=2.01, Tip=No, Percentage Of Tx Amount=100, ISOPrimaryPwd=Denovo@2021, Browser=Chrome}</td></tr><tr><th>Exception</th></tr><tr><td><div class="stacktrace">org.openqa.selenium.TimeoutException: Expected condition failed: waiting for visibility of element located by By.xpath: //label[text()=&apos;Fee&apos;]//following::p-selectbutton[1]//span[text()=&apos;Enable&apos;]//parent::div (tried for 15 second(s) with 500 milliseconds interval)
	at org.openqa.selenium.support.ui.WebDriverWait.timeoutException(WebDriverWait.java:95)
	at org.openqa.selenium.support.ui.FluentWait.until(FluentWait.java:272)
	at com.denovo.factories.ExplicitWaitFactory.performExplicityWait(ExplicitWaitFactory.java:25)
	at com.denovo.Util.StringUtil.isBtnDisable(StringUtil.java:226)
	at com.denovo.Pages.QPayWithSendLinkOnCustomFeePage.verifyFeeEnable(QPayWithSendLinkOnCustomFeePage.java:431)
	at com.denovo.Pages.QPayWithSendLinkOnCustomFeePage.fillQPayWithSendLinkCustomFeeParamInfo(QPayWithSendLinkOnCustomFeePage.java:348)
	at com.denovo.Pages.QPayWithSendLinkOnCustomFeePage.verifyQPayWithSendLinkOnCustomFeeParamInfo(QPayWithSendLinkOnCustomFeePage.java:788)
	at com.denovo.testscripts.CustomFeeTxWithQPaySendLink_MerchantPrimaryLogin.customFeeTxWithQPaySendLink_MerchantPrimaryLogin(CustomFeeTxWithQPaySendLink_MerchantPrimaryLogin.java:31)
	at java.base/java.util.concurrent.ThreadPoolExecutor.runWorker(ThreadPoolExecutor.java:1128)
	at java.base/java.util.concurrent.ThreadPoolExecutor$Worker.run(ThreadPoolExecutor.java:628)
	at java.base/java.lang.Thread.run(Thread.java:834)
Caused by: org.openqa.selenium.NoSuchWindowException: no such window: target window already closed
from unknown error: web view not found
  (Session info: chrome=112.0.5615.87)
Build info: version: &apos;3.141.59&apos;, revision: &apos;e82be7d358&apos;, time: &apos;2018-11-14T08:17:03&apos;
System info: host: &apos;DESKTOP-2K98EE4&apos;, ip: &apos;192.168.0.167&apos;, os.name: &apos;Windows 10&apos;, os.arch: &apos;amd64&apos;, os.version: &apos;10.0&apos;, java.version: &apos;11.0.17&apos;
Driver info: org.openqa.selenium.chrome.ChromeDriver
Capabilities {acceptInsecureCerts: false, browserName: chrome, browserVersion: 112.0.5615.87, chrome: {chromedriverVersion: 112.0.5615.49 (bd2a7bcb881c..., userDataDir: C:\Users\MYPC~1\AppData\Loc...}, goog:chromeOptions: {debuggerAddress: localhost:55766}, javascriptEnabled: true, networkConnectionEnabled: false, pageLoadStrategy: normal, platform: WINDOWS, platformName: WINDOWS, proxy: Proxy(), setWindowRect: true, strictFileInteractability: false, timeouts: {implicit: 0, pageLoad: 300000, script: 30000}, unhandledPromptBehavior: dismiss and notify, webauthn:extension:credBlob: true, webauthn:extension:largeBlob: true, webauthn:extension:minPinLength: true, webauthn:extension:prf: true, webauthn:virtualAuthenticators: true}
Session ID: 759acb38e4907b1b0953b62e20fb8466
*** Element info: {Using=xpath, value=//label[text()=&apos;Fee&apos;]//following::p-selectbutton[1]//span[text()=&apos;Enable&apos;]//parent::div}
	at org.openqa.selenium.remote.http.W3CHttpResponseCodec.createException(W3CHttpResponseCodec.java:187)
	at org.openqa.selenium.remote.http.W3CHttpResponseCodec.decode(W3CHttpResponseCodec.java:122)
	at org.openqa.selenium.remote.http.W3CHttpResponseCodec.decode(W3CHttpResponseCodec.java:49)
	at org.openqa.selenium.remote.HttpCommandExecutor.execute(HttpCommandExecutor.java:158)
	at org.openqa.selenium.remote.service.DriverCommandExecutor.execute(DriverCommandExecutor.java:83)
	at org.openqa.selenium.remote.RemoteWebDriver.execute(RemoteWebDriver.java:552)
	at org.openqa.selenium.remote.RemoteWebDriver.findElement(RemoteWebDriver.java:323)
	at org.openqa.selenium.remote.RemoteWebDriver.findElementByXPath(RemoteWebDriver.java:428)
	at org.openqa.selenium.By$ByXPath.findElement(By.java:353)
	at org.openqa.selenium.remote.RemoteWebDriver.findElement(RemoteWebDriver.java:315)
	at org.openqa.selenium.support.ui.ExpectedConditions$7.apply(ExpectedConditions.java:205)
	at org.openqa.selenium.support.ui.ExpectedConditions$7.apply(ExpectedConditions.java:201)
	at org.openqa.selenium.support.ui.FluentWait.until(FluentWait.java:249)
	... 21 more
... Removed 15 stack frames</div></td></tr></table><p class="totop"><a href="#summary">back to summary</a></p>
<h3 id="m1">com.denovo.testscripts.SystemLoginTransactionTest#TransactionPageLoadingTest</h3><table class="result"><tr class="param"><th>Parameter #1</th></tr><tr class="param stripe"><td>{SystemPrimaryPWD=Denovo@2021, SystemPrimaryEmail=bmurthy@denovosystem.com, Browser=Chrome}</td></tr></table><p class="totop"><a href="#summary">back to summary</a></p>
</body>
</html>
