-------------------------------------------------------------------------------
Test set: TestSuite
-------------------------------------------------------------------------------
Tests run: 2, Failures: 1, Errors: 0, Skipped: 0, Time elapsed: 77 s <<< FAILURE! - in TestSuite
com.denovo.testscripts.CustomFeeTxWithQPaySendLink_MerchantPrimaryLogin.customFeeTxWithQPaySendLink_MerchantPrimaryLogin[{CardNumber=5146 3150 0000 0055, country=India, Action=QuickPay, Email=@cloud-mail.top, Description=Description, Tax=No, DisplayLabel=CustomFee, CustomFee TPN=364222214920 , TPN=364222214920 , Phone=, ValueAdd=Disable, MerchantPrimaryPwd=Denovo@2021, MerchantPrimaryUser=warren@cloud-mail.top, typePercentageOrDollar=%, DiscloseFee=Yes, Expected FeeAmt=0.10, Capped At=4.99, ISOPrimaryEmail=bhaskarmurthy215@gmail.com, Fee=Enable, Amount=2.00, Expiration=12/24, Transaction Type=Sale, Disclaimer=Disclaimer, Expected TotalAmt=2.10, Payment Type=Sendlink, Expire=OneWeek, References=references12, Fee Type=CustomFee, Expected BaseAmt=2.01, Tip=No, Percentage Of Tx Amount=100, ISOPrimaryPwd=Denovo@2021, Browser=Chrome}](1)  Time elapsed: 30.107 s  <<< FAILURE!
org.openqa.selenium.TimeoutException: Expected condition failed: waiting for visibility of element located by By.xpath: //label[text()='Fee']//following::p-selectbutton[1]//span[text()='Enable']//parent::div (tried for 15 second(s) with 500 milliseconds interval)
	at org.openqa.selenium.support.ui.WebDriverWait.timeoutException(WebDriverWait.java:95)
	at org.openqa.selenium.support.ui.FluentWait.until(FluentWait.java:272)
	at com.denovo.factories.ExplicitWaitFactory.performExplicityWait(ExplicitWaitFactory.java:25)
	at com.denovo.Util.StringUtil.isBtnDisable(StringUtil.java:226)
	at com.denovo.Pages.QPayWithSendLinkOnCustomFeePage.verifyFeeEnable(QPayWithSendLinkOnCustomFeePage.java:431)
	at com.denovo.Pages.QPayWithSendLinkOnCustomFeePage.fillQPayWithSendLinkCustomFeeParamInfo(QPayWithSendLinkOnCustomFeePage.java:348)
	at com.denovo.Pages.QPayWithSendLinkOnCustomFeePage.verifyQPayWithSendLinkOnCustomFeeParamInfo(QPayWithSendLinkOnCustomFeePage.java:788)
	at com.denovo.testscripts.CustomFeeTxWithQPaySendLink_MerchantPrimaryLogin.customFeeTxWithQPaySendLink_MerchantPrimaryLogin(CustomFeeTxWithQPaySendLink_MerchantPrimaryLogin.java:31)
	at java.base/jdk.internal.reflect.NativeMethodAccessorImpl.invoke0(Native Method)
	at java.base/jdk.internal.reflect.NativeMethodAccessorImpl.invoke(NativeMethodAccessorImpl.java:62)
	at java.base/jdk.internal.reflect.DelegatingMethodAccessorImpl.invoke(DelegatingMethodAccessorImpl.java:43)
	at java.base/java.lang.reflect.Method.invoke(Method.java:566)
	at org.testng.internal.MethodInvocationHelper.invokeMethod(MethodInvocationHelper.java:133)
	at org.testng.internal.TestInvoker.invokeMethod(TestInvoker.java:598)
	at org.testng.internal.TestInvoker.invokeTestMethod(TestInvoker.java:173)
	at org.testng.internal.MethodRunner.runInSequence(MethodRunner.java:46)
	at org.testng.internal.TestInvoker$MethodInvocationAgent.invoke(TestInvoker.java:824)
	at org.testng.internal.TestInvoker.invokeTestMethods(TestInvoker.java:146)
	at org.testng.internal.TestMethodWorker.invokeTestMethods(TestMethodWorker.java:146)
	at org.testng.internal.TestMethodWorker.run(TestMethodWorker.java:128)
	at java.base/java.util.concurrent.ThreadPoolExecutor.runWorker(ThreadPoolExecutor.java:1128)
	at java.base/java.util.concurrent.ThreadPoolExecutor$Worker.run(ThreadPoolExecutor.java:628)
	at java.base/java.lang.Thread.run(Thread.java:834)
Caused by: org.openqa.selenium.NoSuchWindowException: no such window: target window already closed
from unknown error: web view not found
  (Session info: chrome=112.0.5615.87)
Build info: version: '3.141.59', revision: 'e82be7d358', time: '2018-11-14T08:17:03'
System info: host: 'DESKTOP-2K98EE4', ip: '192.168.0.167', os.name: 'Windows 10', os.arch: 'amd64', os.version: '10.0', java.version: '11.0.17'
Driver info: org.openqa.selenium.chrome.ChromeDriver
Capabilities {acceptInsecureCerts: false, browserName: chrome, browserVersion: 112.0.5615.87, chrome: {chromedriverVersion: 112.0.5615.49 (bd2a7bcb881c..., userDataDir: C:\Users\MYPC~1\AppData\Loc...}, goog:chromeOptions: {debuggerAddress: localhost:55766}, javascriptEnabled: true, networkConnectionEnabled: false, pageLoadStrategy: normal, platform: WINDOWS, platformName: WINDOWS, proxy: Proxy(), setWindowRect: true, strictFileInteractability: false, timeouts: {implicit: 0, pageLoad: 300000, script: 30000}, unhandledPromptBehavior: dismiss and notify, webauthn:extension:credBlob: true, webauthn:extension:largeBlob: true, webauthn:extension:minPinLength: true, webauthn:extension:prf: true, webauthn:virtualAuthenticators: true}
Session ID: 759acb38e4907b1b0953b62e20fb8466
*** Element info: {Using=xpath, value=//label[text()='Fee']//following::p-selectbutton[1]//span[text()='Enable']//parent::div}
	at jdk.internal.reflect.GeneratedConstructorAccessor26.newInstance(Unknown Source)
	at java.base/jdk.internal.reflect.DelegatingConstructorAccessorImpl.newInstance(DelegatingConstructorAccessorImpl.java:45)
	at java.base/java.lang.reflect.Constructor.newInstance(Constructor.java:490)
	at org.openqa.selenium.remote.http.W3CHttpResponseCodec.createException(W3CHttpResponseCodec.java:187)
	at org.openqa.selenium.remote.http.W3CHttpResponseCodec.decode(W3CHttpResponseCodec.java:122)
	at org.openqa.selenium.remote.http.W3CHttpResponseCodec.decode(W3CHttpResponseCodec.java:49)
	at org.openqa.selenium.remote.HttpCommandExecutor.execute(HttpCommandExecutor.java:158)
	at org.openqa.selenium.remote.service.DriverCommandExecutor.execute(DriverCommandExecutor.java:83)
	at org.openqa.selenium.remote.RemoteWebDriver.execute(RemoteWebDriver.java:552)
	at org.openqa.selenium.remote.RemoteWebDriver.findElement(RemoteWebDriver.java:323)
	at org.openqa.selenium.remote.RemoteWebDriver.findElementByXPath(RemoteWebDriver.java:428)
	at org.openqa.selenium.By$ByXPath.findElement(By.java:353)
	at org.openqa.selenium.remote.RemoteWebDriver.findElement(RemoteWebDriver.java:315)
	at org.openqa.selenium.support.ui.ExpectedConditions$7.apply(ExpectedConditions.java:205)
	at org.openqa.selenium.support.ui.ExpectedConditions$7.apply(ExpectedConditions.java:201)
	at org.openqa.selenium.support.ui.FluentWait.until(FluentWait.java:249)
	... 21 more

