<?xml version="1.0" encoding="UTF-8"?>
<testng-results ignored="0" total="2" passed="1" failed="1" skipped="0">
  <reporter-output>
  </reporter-output>
  <suite started-at="2023-04-16T00:11:52 IST" name="DenovoWebPortal Suite File" finished-at="2023-04-16T00:13:03 IST" duration-ms="71120">
    <groups>
    </groups>
    <test started-at="2023-04-16T00:11:52 IST" name="RegressionTest" finished-at="2023-04-16T00:13:03 IST" duration-ms="71120">
      <class name="com.denovo.testscripts.CustomFeeTxWithQPaySendLink_MerchantPrimaryLogin">
        <test-method is-config="true" signature="setUp([Ljava.lang.Object;)[pri:0, instance:com.denovo.testscripts.CustomFeeTxWithQPaySendLink_MerchantPrimaryLogin@1e95b653]" started-at="2023-04-16T00:11:55 IST" name="setUp" finished-at="2023-04-16T00:12:06 IST" duration-ms="11287" status="PASS">
          <params>
            <param index="0">
              <value>
                <![CDATA[[Ljava.lang.Object;@35f22eef]]>
              </value>
            </param>
          </params>
          <reporter-output>
          </reporter-output>
        </test-method> <!-- setUp -->
        <test-method signature="customFeeTxWithQPaySendLink_MerchantPrimaryLogin(java.util.Map)[pri:1, instance:com.denovo.testscripts.CustomFeeTxWithQPaySendLink_MerchantPrimaryLogin@1e95b653]" started-at="2023-04-16T00:12:06 IST" name="customFeeTxWithQPaySendLink_MerchantPrimaryLogin" data-provider="getData" finished-at="2023-04-16T00:12:36 IST" duration-ms="30126" status="FAIL">
          <params>
            <param index="0">
              <value>
                <![CDATA[{CardNumber=5146 3150 0000 0055, country=India, Action=QuickPay, Email=@cloud-mail.top, Description=Description, Tax=No, DisplayLabel=CustomFee, CustomFee TPN=364222214920 , TPN=364222214920 , Phone=, ValueAdd=Disable, MerchantPrimaryPwd=Denovo@2021, MerchantPrimaryUser=warren@cloud-mail.top, typePercentageOrDollar=%, DiscloseFee=Yes, Expected FeeAmt=0.10, Capped At=4.99, ISOPrimaryEmail=bhaskarmurthy215@gmail.com, Fee=Enable, Amount=2.00, Expiration=12/24, Transaction Type=Sale, Disclaimer=Disclaimer, Expected TotalAmt=2.10, Payment Type=Sendlink, Expire=OneWeek, References=references12, Fee Type=CustomFee, Expected BaseAmt=2.01, Tip=No, Percentage Of Tx Amount=100, ISOPrimaryPwd=Denovo@2021, Browser=Chrome}]]>
              </value>
            </param>
          </params>
          <exception class="org.openqa.selenium.TimeoutException">
            <message>
              <![CDATA[Expected condition failed: waiting for visibility of element located by By.xpath: //label[text()='Fee']//following::p-selectbutton[1]//span[text()='Enable']//parent::div (tried for 15 second(s) with 500 milliseconds interval)]]>
            </message>
            <full-stacktrace>
              <![CDATA[org.openqa.selenium.TimeoutException: Expected condition failed: waiting for visibility of element located by By.xpath: //label[text()='Fee']//following::p-selectbutton[1]//span[text()='Enable']//parent::div (tried for 15 second(s) with 500 milliseconds interval)
at org.openqa.selenium.support.ui.WebDriverWait.timeoutException(WebDriverWait.java:95)
at org.openqa.selenium.support.ui.FluentWait.until(FluentWait.java:272)
at com.denovo.factories.ExplicitWaitFactory.performExplicityWait(ExplicitWaitFactory.java:25)
at com.denovo.Util.StringUtil.isBtnDisable(StringUtil.java:226)
at com.denovo.Pages.QPayWithSendLinkOnCustomFeePage.verifyFeeEnable(QPayWithSendLinkOnCustomFeePage.java:431)
at com.denovo.Pages.QPayWithSendLinkOnCustomFeePage.fillQPayWithSendLinkCustomFeeParamInfo(QPayWithSendLinkOnCustomFeePage.java:348)
at com.denovo.Pages.QPayWithSendLinkOnCustomFeePage.verifyQPayWithSendLinkOnCustomFeeParamInfo(QPayWithSendLinkOnCustomFeePage.java:788)
at com.denovo.testscripts.CustomFeeTxWithQPaySendLink_MerchantPrimaryLogin.customFeeTxWithQPaySendLink_MerchantPrimaryLogin(CustomFeeTxWithQPaySendLink_MerchantPrimaryLogin.java:31)
at java.base/jdk.internal.reflect.NativeMethodAccessorImpl.invoke0(Native Method)
at java.base/jdk.internal.reflect.NativeMethodAccessorImpl.invoke(NativeMethodAccessorImpl.java:62)
at java.base/jdk.internal.reflect.DelegatingMethodAccessorImpl.invoke(DelegatingMethodAccessorImpl.java:43)
at java.base/java.lang.reflect.Method.invoke(Method.java:566)
at org.testng.internal.MethodInvocationHelper.invokeMethod(MethodInvocationHelper.java:133)
at org.testng.internal.TestInvoker.invokeMethod(TestInvoker.java:598)
at org.testng.internal.TestInvoker.invokeTestMethod(TestInvoker.java:173)
at org.testng.internal.MethodRunner.runInSequence(MethodRunner.java:46)
at org.testng.internal.TestInvoker$MethodInvocationAgent.invoke(TestInvoker.java:824)
at org.testng.internal.TestInvoker.invokeTestMethods(TestInvoker.java:146)
at org.testng.internal.TestMethodWorker.invokeTestMethods(TestMethodWorker.java:146)
at org.testng.internal.TestMethodWorker.run(TestMethodWorker.java:128)
at java.base/java.util.concurrent.ThreadPoolExecutor.runWorker(ThreadPoolExecutor.java:1128)
at java.base/java.util.concurrent.ThreadPoolExecutor$Worker.run(ThreadPoolExecutor.java:628)
at java.base/java.lang.Thread.run(Thread.java:834)
Caused by: org.openqa.selenium.NoSuchWindowException: no such window: target window already closed
from unknown error: web view not found
  (Session info: chrome=112.0.5615.87)
Build info: version: '3.141.59', revision: 'e82be7d358', time: '2018-11-14T08:17:03'
System info: host: 'DESKTOP-2K98EE4', ip: '192.168.0.167', os.name: 'Windows 10', os.arch: 'amd64', os.version: '10.0', java.version: '11.0.17'
Driver info: org.openqa.selenium.chrome.ChromeDriver
Capabilities {acceptInsecureCerts: false, browserName: chrome, browserVersion: 112.0.5615.87, chrome: {chromedriverVersion: 112.0.5615.49 (bd2a7bcb881c..., userDataDir: C:\Users\MYPC~1\AppData\Loc...}, goog:chromeOptions: {debuggerAddress: localhost:55766}, javascriptEnabled: true, networkConnectionEnabled: false, pageLoadStrategy: normal, platform: WINDOWS, platformName: WINDOWS, proxy: Proxy(), setWindowRect: true, strictFileInteractability: false, timeouts: {implicit: 0, pageLoad: 300000, script: 30000}, unhandledPromptBehavior: dismiss and notify, webauthn:extension:credBlob: true, webauthn:extension:largeBlob: true, webauthn:extension:minPinLength: true, webauthn:extension:prf: true, webauthn:virtualAuthenticators: true}
Session ID: 759acb38e4907b1b0953b62e20fb8466
*** Element info: {Using=xpath, value=//label[text()='Fee']//following::p-selectbutton[1]//span[text()='Enable']//parent::div}
at jdk.internal.reflect.GeneratedConstructorAccessor26.newInstance(Unknown Source)
at java.base/jdk.internal.reflect.DelegatingConstructorAccessorImpl.newInstance(DelegatingConstructorAccessorImpl.java:45)
at java.base/java.lang.reflect.Constructor.newInstance(Constructor.java:490)
at org.openqa.selenium.remote.http.W3CHttpResponseCodec.createException(W3CHttpResponseCodec.java:187)
at org.openqa.selenium.remote.http.W3CHttpResponseCodec.decode(W3CHttpResponseCodec.java:122)
at org.openqa.selenium.remote.http.W3CHttpResponseCodec.decode(W3CHttpResponseCodec.java:49)
at org.openqa.selenium.remote.HttpCommandExecutor.execute(HttpCommandExecutor.java:158)
at org.openqa.selenium.remote.service.DriverCommandExecutor.execute(DriverCommandExecutor.java:83)
at org.openqa.selenium.remote.RemoteWebDriver.execute(RemoteWebDriver.java:552)
at org.openqa.selenium.remote.RemoteWebDriver.findElement(RemoteWebDriver.java:323)
at org.openqa.selenium.remote.RemoteWebDriver.findElementByXPath(RemoteWebDriver.java:428)
at org.openqa.selenium.By$ByXPath.findElement(By.java:353)
at org.openqa.selenium.remote.RemoteWebDriver.findElement(RemoteWebDriver.java:315)
at org.openqa.selenium.support.ui.ExpectedConditions$7.apply(ExpectedConditions.java:205)
at org.openqa.selenium.support.ui.ExpectedConditions$7.apply(ExpectedConditions.java:201)
at org.openqa.selenium.support.ui.FluentWait.until(FluentWait.java:249)
... 21 more
]]>
            </full-stacktrace>
          </exception> <!-- org.openqa.selenium.TimeoutException -->
          <reporter-output>
          </reporter-output>
        </test-method> <!-- customFeeTxWithQPaySendLink_MerchantPrimaryLogin -->
        <test-method is-config="true" signature="teardown()[pri:0, instance:com.denovo.testscripts.CustomFeeTxWithQPaySendLink_MerchantPrimaryLogin@1e95b653]" started-at="2023-04-16T00:12:36 IST" name="teardown" finished-at="2023-04-16T00:12:37 IST" duration-ms="192" status="PASS">
          <reporter-output>
          </reporter-output>
        </test-method> <!-- teardown -->
      </class> <!-- com.denovo.testscripts.CustomFeeTxWithQPaySendLink_MerchantPrimaryLogin -->
      <class name="com.denovo.testscripts.SystemLoginTransactionTest">
        <test-method is-config="true" signature="setUp([Ljava.lang.Object;)[pri:0, instance:com.denovo.testscripts.SystemLoginTransactionTest@4baed682]" started-at="2023-04-16T00:12:37 IST" name="setUp" finished-at="2023-04-16T00:12:46 IST" duration-ms="9024" status="PASS">
          <params>
            <param index="0">
              <value>
                <![CDATA[[Ljava.lang.Object;@20e48e63]]>
              </value>
            </param>
          </params>
          <reporter-output>
          </reporter-output>
        </test-method> <!-- setUp -->
        <test-method signature="TransactionPageLoadingTest(java.util.Map)[pri:0, instance:com.denovo.testscripts.SystemLoginTransactionTest@4baed682]" started-at="2023-04-16T00:12:46 IST" name="TransactionPageLoadingTest" data-provider="getData" finished-at="2023-04-16T00:13:02 IST" duration-ms="16396" status="PASS">
          <params>
            <param index="0">
              <value>
                <![CDATA[{SystemPrimaryPWD=Denovo@2021, SystemPrimaryEmail=bmurthy@denovosystem.com, Browser=Chrome}]]>
              </value>
            </param>
          </params>
          <reporter-output>
          </reporter-output>
        </test-method> <!-- TransactionPageLoadingTest -->
        <test-method is-config="true" signature="teardown()[pri:0, instance:com.denovo.testscripts.SystemLoginTransactionTest@4baed682]" started-at="2023-04-16T00:13:02 IST" name="teardown" finished-at="2023-04-16T00:13:03 IST" duration-ms="551" status="PASS">
          <reporter-output>
          </reporter-output>
        </test-method> <!-- teardown -->
      </class> <!-- com.denovo.testscripts.SystemLoginTransactionTest -->
    </test> <!-- RegressionTest -->
  </suite> <!-- DenovoWebPortal Suite File -->
</testng-results>
