<?xml version="1.0" encoding="UTF-8"?>
<testng-results ignored="0" total="2" passed="1" failed="1" skipped="0">
  <reporter-output>
  </reporter-output>
  <suite started-at="2023-04-04T15:39:43 IST" name="DenovoWebPortal Suite File" finished-at="2023-04-04T15:41:21 IST" duration-ms="97798">
    <groups>
    </groups>
    <test started-at="2023-04-04T15:39:43 IST" name="RegressionTest" finished-at="2023-04-04T15:41:21 IST" duration-ms="97798">
      <class name="com.denovo.testscripts.QuickPayWithSurchargeFeeTest">
        <test-method is-config="true" signature="setUp()[pri:0, instance:com.denovo.testscripts.QuickPayWithSurchargeFeeTest@40712ee9]" started-at="2023-04-04T15:39:45 IST" name="setUp" finished-at="2023-04-04T15:39:56 IST" duration-ms="10687" status="PASS">
          <reporter-output>
          </reporter-output>
        </test-method> <!-- setUp -->
        <test-method signature="ValidateQuickPayWithSurchargeFee(java.util.Map)[pri:1, instance:com.denovo.testscripts.QuickPayWithSurchargeFeeTest@40712ee9]" started-at="2023-04-04T15:39:56 IST" name="ValidateQuickPayWithSurchargeFee" data-provider="getData" finished-at="2023-04-04T15:40:32 IST" duration-ms="35806" status="FAIL">
          <params>
            <param index="0">
              <value>
                <![CDATA[{country=India, Action=Quick Pay, Email=@cloud-mail.top, Tax=No, DisplayLabel=SurchargeFee, Exp Date=12/25, TPN=364222214920, Phone=, MerchantPrimaryPwd=Denovo@2021, MerchantPrimaryUser=warren@cloud-mail.top, typePercentageOrDollar=%, DiscloseFee=Yes, Expected FeeAmt=0.04, Capped At=4.99, ISOPrimaryEmail=bhaskarmurthy215@gmail.com, Fee=Enable, Amount=1.00, Transaction Type=Sale, Expected TotalAmt=1.04, SurchargeFeeTPN=364222214920, Payment Type=Pay now, Fee Type=Surcharge, Expected BaseAmt=1.00, Tip=No, Percentage Of Tx Amount=100, Card Number=4242424242424242, ISOPrimaryPwd=Denovo@2021}]]>
              </value>
            </param>
          </params>
          <exception class="org.openqa.selenium.TimeoutException">
            <message>
              <![CDATA[Expected condition failed: waiting for visibility of element located by By.xpath: //h5[@class='mt-2 mb-1 text-center'] (tried for 10 second(s) with 500 milliseconds interval)]]>
            </message>
            <full-stacktrace>
                <![CDATA[org.openqa.selenium.TimeoutException: Expected condition failed: waiting for visibility of element located by By.xpath: //h5[@class='mt-2 mb-1 text-center'] (tried for 10 second(s) with 500 milliseconds interval)
at org.openqa.selenium.support.ui.WebDriverWait.timeoutException(WebDriverWait.java:95)
at org.openqa.selenium.support.ui.FluentWait.until(FluentWait.java:272)
at com.denovo.factories.ExplicitWaitFactory.performExplicityWait(ExplicitWaitFactory.java:25)
at com.denovo.Pages.QuickPayWithPayNowCustomFeePage.fillQuickSaleWithSurchargeFeeParamInfo(QuickPayWithSurchargeFeePage.java:215)
at com.denovo.Pages.QuickPayWithPayNowCustomFeePage.verifyQuickPayWithSurchargeFeeFormIsoLogin(QuickPayWithSurchargeFeePage.java:266)
at com.denovo.testscripts.QuickPayWithSurchargeFeeTest.ValidateQuickPayWithSurchargeFee(QuickPayWithSurchargeFeeTest.java:26)
at java.base/jdk.internal.reflect.NativeMethodAccessorImpl.invoke0(Native Method)
at java.base/jdk.internal.reflect.NativeMethodAccessorImpl.invoke(NativeMethodAccessorImpl.java:64)
at java.base/jdk.internal.reflect.DelegatingMethodAccessorImpl.invoke(DelegatingMethodAccessorImpl.java:43)
at java.base/java.lang.reflect.Method.invoke(Method.java:564)
at org.testng.internal.MethodInvocationHelper.invokeMethod(MethodInvocationHelper.java:133)
at org.testng.internal.TestInvoker.invokeMethod(TestInvoker.java:598)
at org.testng.internal.TestInvoker.invokeTestMethod(TestInvoker.java:173)
at org.testng.internal.MethodRunner.runInSequence(MethodRunner.java:46)
at org.testng.internal.TestInvoker$MethodInvocationAgent.invoke(TestInvoker.java:824)
at org.testng.internal.TestInvoker.invokeTestMethods(TestInvoker.java:146)
at org.testng.internal.TestMethodWorker.invokeTestMethods(TestMethodWorker.java:146)
at org.testng.internal.TestMethodWorker.run(TestMethodWorker.java:128)
at java.base/java.util.concurrent.ThreadPoolExecutor.runWorker(ThreadPoolExecutor.java:1130)
at java.base/java.util.concurrent.ThreadPoolExecutor$Worker.run(ThreadPoolExecutor.java:630)
at java.base/java.lang.Thread.run(Thread.java:832)
Caused by: org.openqa.selenium.NoSuchElementException: no such element: Unable to locate element: {"method":"xpath","selector":"//h5[@class='mt-2 mb-1 text-center']"}
  (Session info: chrome=111.0.5563.147)
For documentation on this error, please visit: https://www.seleniumhq.org/exceptions/no_such_element.html
Build info: version: '3.141.59', revision: 'e82be7d358', time: '2018-11-14T08:17:03'
System info: host: 'DESKTOP-2K98EE4', ip: '192.168.0.127', os.name: 'Windows 10', os.arch: 'amd64', os.version: '10.0', java.version: '15.0.2'
Driver info: org.openqa.selenium.chrome.ChromeDriver
Capabilities {acceptInsecureCerts: false, browserName: chrome, browserVersion: 111.0.5563.147, chrome: {chromedriverVersion: 111.0.5563.64 (c710e93d5b63..., userDataDir: C:\Users\MYPC~1\AppData\Loc...}, goog:chromeOptions: {debuggerAddress: localhost:63468}, javascriptEnabled: true, networkConnectionEnabled: false, pageLoadStrategy: normal, platform: WINDOWS, platformName: WINDOWS, proxy: Proxy(), setWindowRect: true, strictFileInteractability: false, timeouts: {implicit: 0, pageLoad: 300000, script: 30000}, unhandledPromptBehavior: dismiss and notify, webauthn:extension:credBlob: true, webauthn:extension:largeBlob: true, webauthn:extension:minPinLength: true, webauthn:extension:prf: true, webauthn:virtualAuthenticators: true}
Session ID: 1e168049f9088c5c6bf53654367ded0d
*** Element info: {Using=xpath, value=//h5[@class='mt-2 mb-1 text-center']}
at jdk.internal.reflect.GeneratedConstructorAccessor25.newInstance(Unknown Source)
at java.base/jdk.internal.reflect.DelegatingConstructorAccessorImpl.newInstance(DelegatingConstructorAccessorImpl.java:45)
at java.base/java.lang.reflect.Constructor.newInstanceWithCaller(Constructor.java:500)
at java.base/java.lang.reflect.Constructor.newInstance(Constructor.java:481)
at org.openqa.selenium.remote.http.W3CHttpResponseCodec.createException(W3CHttpResponseCodec.java:187)
at org.openqa.selenium.remote.http.W3CHttpResponseCodec.decode(W3CHttpResponseCodec.java:122)
at org.openqa.selenium.remote.http.W3CHttpResponseCodec.decode(W3CHttpResponseCodec.java:49)
at org.openqa.selenium.remote.HttpCommandExecutor.execute(HttpCommandExecutor.java:158)
at org.openqa.selenium.remote.service.DriverCommandExecutor.execute(DriverCommandExecutor.java:83)
at org.openqa.selenium.remote.RemoteWebDriver.execute(RemoteWebDriver.java:552)
at org.openqa.selenium.remote.RemoteWebDriver.findElement(RemoteWebDriver.java:323)
at org.openqa.selenium.remote.RemoteWebDriver.findElementByXPath(RemoteWebDriver.java:428)
at org.openqa.selenium.By$ByXPath.findElement(By.java:353)
at org.openqa.selenium.remote.RemoteWebDriver.findElement(RemoteWebDriver.java:315)
at org.openqa.selenium.support.ui.ExpectedConditions$7.apply(ExpectedConditions.java:205)
at org.openqa.selenium.support.ui.ExpectedConditions$7.apply(ExpectedConditions.java:201)
at org.openqa.selenium.support.ui.FluentWait.until(FluentWait.java:249)
... 19 more
]]>
            </full-stacktrace>
          </exception> <!-- org.openqa.selenium.TimeoutException -->
          <reporter-output>
          </reporter-output>
        </test-method> <!-- ValidateQuickPayWithSurchargeFee -->
        <test-method is-config="true" signature="teardown()[pri:0, instance:com.denovo.testscripts.QuickPayWithSurchargeFeeTest@40712ee9]" started-at="2023-04-04T15:40:32 IST" name="teardown" finished-at="2023-04-04T15:40:33 IST" duration-ms="930" status="PASS">
          <reporter-output>
          </reporter-output>
        </test-method> <!-- teardown -->
      </class> <!-- com.denovo.testscripts.QuickPayWithSurchargeFeeTest -->
      <class name="com.denovo.testscripts.QPayWithSendLinkCustomFeeTest">
        <test-method is-config="true" signature="setUp()[pri:0, instance:com.denovo.testscripts.QPayWithSendLinkCustomFeeTest@58a63629]" started-at="2023-04-04T15:39:45 IST" name="setUp" finished-at="2023-04-04T15:40:03 IST" duration-ms="17933" status="PASS">
          <reporter-output>
          </reporter-output>
        </test-method> <!-- setUp -->
        <test-method signature="ValidateCustomFeeAmtOnQPaySendLink(java.util.Map)[pri:1, instance:com.denovo.testscripts.QPayWithSendLinkCustomFeeTest@58a63629]" started-at="2023-04-04T15:40:03 IST" name="ValidateCustomFeeAmtOnQPaySendLink" data-provider="getData" finished-at="2023-04-04T15:41:20 IST" duration-ms="76790" status="PASS">
          <params>
            <param index="0">
              <value>
                <![CDATA[{CardNumber=5146 3150 0000 0055, country=India, Action=QuickPay, Email=@cloud-mail.top, Description=Description, Tax=No, DisplayLabel=CustomFee, CustomFee TPN=364222214920 , TPN=364222214920 , Phone=, ValueAdd=Disable, MerchantPrimaryPwd=Denovo@2021, MerchantPrimaryUser=warren@cloud-mail.top, typePercentageOrDollar=%, DiscloseFee=Yes, Expected FeeAmt=0.10, Capped At=4.99, ISOPrimaryEmail=bhaskarmurthy215@gmail.com, Fee=Enable, Amount=2.00, Expiration=12/24, Transaction Type=Sale, Disclaimer=Disclaimer, Expected TotalAmt=2.10, Payment Type=Sendlink, Expire=OneWeek, References=references12, Fee Type=CustomFee, Expected BaseAmt=2.00, Tip=No, Percentage Of Tx Amount=100, ISOPrimaryPwd=Denovo@2021}]]>
              </value>
            </param>
          </params>
          <reporter-output>
          </reporter-output>
        </test-method> <!-- ValidateCustomFeeAmtOnQPaySendLink -->
        <test-method is-config="true" signature="teardown()[pri:0, instance:com.denovo.testscripts.QPayWithSendLinkCustomFeeTest@58a63629]" started-at="2023-04-04T15:41:20 IST" name="teardown" finished-at="2023-04-04T15:41:21 IST" duration-ms="762" status="PASS">
          <reporter-output>
          </reporter-output>
        </test-method> <!-- teardown -->
      </class> <!-- com.denovo.testscripts.QPayWithSendLinkCustomFeeTest -->
    </test> <!-- RegressionTest -->
  </suite> <!-- DenovoWebPortal Suite File -->
</testng-results>
