{
  "uid" : "1e8fa230a3dc153d",
  "name" : "validateCustomerData",
  "fullName" : "com.denovo.testscripts.CustomerPageTest.validateCustomerData",
  "historyId" : "9d0beb5989b71f9b083ca1e5b7c76875",
  "time" : {
    "start" : 1628676553587,
    "stop" : 1628676588818,
    "duration" : 35231
  },
  "description" : "Test Case Description: validate UserManagePage Link",
  "descriptionHtml" : "<p>Test Case Description: validate UserManagePage Link</p>\n",
  "status" : "failed",
  "statusMessage" : "Customer Data Not Created expected [You successfully created your customer] but found []",
  "statusTrace" : "java.lang.AssertionError: Customer Data Not Created expected [You successfully created your customer] but found []\r\n\tat org.testng.Assert.fail(Assert.java:97)\r\n\tat org.testng.Assert.assertEqualsImpl(Assert.java:136)\r\n\tat org.testng.Assert.assertEquals(Assert.java:118)\r\n\tat org.testng.Assert.assertEquals(Assert.java:575)\r\n\tat com.denovo.testscripts.CustomerPageTest.validateDataCreated(CustomerPageTest.java:207)\r\n\tat com.denovo.testscripts.CustomerPageTest.validateCustomerData(CustomerPageTest.java:161)\r\n\tat java.base/jdk.internal.reflect.NativeMethodAccessorImpl.invoke0(Native Method)\r\n\tat java.base/jdk.internal.reflect.NativeMethodAccessorImpl.invoke(NativeMethodAccessorImpl.java:64)\r\n\tat java.base/jdk.internal.reflect.DelegatingMethodAccessorImpl.invoke(DelegatingMethodAccessorImpl.java:43)\r\n\tat java.base/java.lang.reflect.Method.invoke(Method.java:564)\r\n\tat org.testng.internal.MethodInvocationHelper.invokeMethod(MethodInvocationHelper.java:133)\r\n\tat org.testng.internal.TestInvoker.invokeMethod(TestInvoker.java:584)\r\n\tat org.testng.internal.TestInvoker.invokeTestMethod(TestInvoker.java:172)\r\n\tat org.testng.internal.MethodRunner.runInSequence(MethodRunner.java:46)\r\n\tat org.testng.internal.TestInvoker$MethodInvocationAgent.invoke(TestInvoker.java:804)\r\n\tat org.testng.internal.TestInvoker.invokeTestMethods(TestInvoker.java:145)\r\n\tat org.testng.internal.TestMethodWorker.invokeTestMethods(TestMethodWorker.java:146)\r\n\tat org.testng.internal.TestMethodWorker.run(TestMethodWorker.java:128)\r\n\tat java.base/java.util.ArrayList.forEach(ArrayList.java:1511)\r\n\tat org.testng.TestRunner.privateRun(TestRunner.java:770)\r\n\tat org.testng.TestRunner.run(TestRunner.java:591)\r\n\tat org.testng.SuiteRunner.runTest(SuiteRunner.java:402)\r\n\tat org.testng.SuiteRunner.access$000(SuiteRunner.java:41)\r\n\tat org.testng.SuiteRunner$SuiteWorker.run(SuiteRunner.java:443)\r\n\tat org.testng.internal.thread.ThreadUtil.lambda$execute$0(ThreadUtil.java:67)\r\n\tat java.base/java.util.concurrent.FutureTask.run(FutureTask.java:264)\r\n\tat java.base/java.util.concurrent.ThreadPoolExecutor.runWorker(ThreadPoolExecutor.java:1130)\r\n\tat java.base/java.util.concurrent.ThreadPoolExecutor$Worker.run(ThreadPoolExecutor.java:630)\r\n\tat java.base/java.lang.Thread.run(Thread.java:832)\r\n",
  "flaky" : false,
  "newFailed" : false,
  "beforeStages" : [ {
    "name" : "setup",
    "time" : {
      "start" : 1628676539958,
      "stop" : 1628676553577,
      "duration" : 13619
    },
    "description" : "",
    "status" : "passed",
    "steps" : [ {
      "name" : "login with username and password step...",
      "time" : {
        "start" : 1628676551378,
        "stop" : 1628676551722,
        "duration" : 344
      },
      "status" : "passed",
      "steps" : [ ],
      "attachments" : [ ],
      "parameters" : [ {
        "name" : "username",
        "value" : "bmurthy@denovosystem.com"
      }, {
        "name" : "password",
        "value" : "Denovo@2021"
      } ],
      "hasContent" : true,
      "stepsCount" : 0,
      "attachmentsCount" : 0,
      "shouldDisplayMessage" : false
    }, {
      "name" : "verifying customerPage Click CustomerLink ",
      "time" : {
        "start" : 1628676551730,
        "stop" : 1628676553577,
        "duration" : 1847
      },
      "status" : "passed",
      "steps" : [ ],
      "attachments" : [ ],
      "parameters" : [ ],
      "hasContent" : false,
      "stepsCount" : 0,
      "attachmentsCount" : 0,
      "shouldDisplayMessage" : false
    } ],
    "attachments" : [ ],
    "parameters" : [ ],
    "hasContent" : true,
    "stepsCount" : 2,
    "attachmentsCount" : 0,
    "shouldDisplayMessage" : false
  } ],
  "testStage" : {
    "description" : "Test Case Description: validate UserManagePage Link",
    "status" : "failed",
    "statusMessage" : "Customer Data Not Created expected [You successfully created your customer] but found []",
    "statusTrace" : "java.lang.AssertionError: Customer Data Not Created expected [You successfully created your customer] but found []\r\n\tat org.testng.Assert.fail(Assert.java:97)\r\n\tat org.testng.Assert.assertEqualsImpl(Assert.java:136)\r\n\tat org.testng.Assert.assertEquals(Assert.java:118)\r\n\tat org.testng.Assert.assertEquals(Assert.java:575)\r\n\tat com.denovo.testscripts.CustomerPageTest.validateDataCreated(CustomerPageTest.java:207)\r\n\tat com.denovo.testscripts.CustomerPageTest.validateCustomerData(CustomerPageTest.java:161)\r\n\tat java.base/jdk.internal.reflect.NativeMethodAccessorImpl.invoke0(Native Method)\r\n\tat java.base/jdk.internal.reflect.NativeMethodAccessorImpl.invoke(NativeMethodAccessorImpl.java:64)\r\n\tat java.base/jdk.internal.reflect.DelegatingMethodAccessorImpl.invoke(DelegatingMethodAccessorImpl.java:43)\r\n\tat java.base/java.lang.reflect.Method.invoke(Method.java:564)\r\n\tat org.testng.internal.MethodInvocationHelper.invokeMethod(MethodInvocationHelper.java:133)\r\n\tat org.testng.internal.TestInvoker.invokeMethod(TestInvoker.java:584)\r\n\tat org.testng.internal.TestInvoker.invokeTestMethod(TestInvoker.java:172)\r\n\tat org.testng.internal.MethodRunner.runInSequence(MethodRunner.java:46)\r\n\tat org.testng.internal.TestInvoker$MethodInvocationAgent.invoke(TestInvoker.java:804)\r\n\tat org.testng.internal.TestInvoker.invokeTestMethods(TestInvoker.java:145)\r\n\tat org.testng.internal.TestMethodWorker.invokeTestMethods(TestMethodWorker.java:146)\r\n\tat org.testng.internal.TestMethodWorker.run(TestMethodWorker.java:128)\r\n\tat java.base/java.util.ArrayList.forEach(ArrayList.java:1511)\r\n\tat org.testng.TestRunner.privateRun(TestRunner.java:770)\r\n\tat org.testng.TestRunner.run(TestRunner.java:591)\r\n\tat org.testng.SuiteRunner.runTest(SuiteRunner.java:402)\r\n\tat org.testng.SuiteRunner.access$000(SuiteRunner.java:41)\r\n\tat org.testng.SuiteRunner$SuiteWorker.run(SuiteRunner.java:443)\r\n\tat org.testng.internal.thread.ThreadUtil.lambda$execute$0(ThreadUtil.java:67)\r\n\tat java.base/java.util.concurrent.FutureTask.run(FutureTask.java:264)\r\n\tat java.base/java.util.concurrent.ThreadPoolExecutor.runWorker(ThreadPoolExecutor.java:1130)\r\n\tat java.base/java.util.concurrent.ThreadPoolExecutor$Worker.run(ThreadPoolExecutor.java:630)\r\n\tat java.base/java.lang.Thread.run(Thread.java:832)\r\n",
    "steps" : [ {
      "name" : "validate customer data",
      "time" : {
        "start" : 1628676553589,
        "stop" : 1628676588585,
        "duration" : 34996
      },
      "status" : "failed",
      "statusMessage" : "Customer Data Not Created expected [You successfully created your customer] but found []",
      "statusTrace" : "java.lang.AssertionError: Customer Data Not Created expected [You successfully created your customer] but found []\r\n\tat org.testng.Assert.fail(Assert.java:97)\r\n\tat org.testng.Assert.assertEqualsImpl(Assert.java:136)\r\n\tat org.testng.Assert.assertEquals(Assert.java:118)\r\n\tat org.testng.Assert.assertEquals(Assert.java:575)\r\n\tat com.denovo.testscripts.CustomerPageTest.validateDataCreated(CustomerPageTest.java:207)\r\n\tat com.denovo.testscripts.CustomerPageTest.validateCustomerData(CustomerPageTest.java:161)\r\n\tat java.base/jdk.internal.reflect.NativeMethodAccessorImpl.invoke0(Native Method)\r\n\tat java.base/jdk.internal.reflect.NativeMethodAccessorImpl.invoke(NativeMethodAccessorImpl.java:64)\r\n\tat java.base/jdk.internal.reflect.DelegatingMethodAccessorImpl.invoke(DelegatingMethodAccessorImpl.java:43)\r\n\tat java.base/java.lang.reflect.Method.invoke(Method.java:564)\r\n\tat org.testng.internal.MethodInvocationHelper.invokeMethod(MethodInvocationHelper.java:133)\r\n\tat org.testng.internal.TestInvoker.invokeMethod(TestInvoker.java:584)\r\n\tat org.testng.internal.TestInvoker.invokeTestMethod(TestInvoker.java:172)\r\n\tat org.testng.internal.MethodRunner.runInSequence(MethodRunner.java:46)\r\n\tat org.testng.internal.TestInvoker$MethodInvocationAgent.invoke(TestInvoker.java:804)\r\n\tat org.testng.internal.TestInvoker.invokeTestMethods(TestInvoker.java:145)\r\n\tat org.testng.internal.TestMethodWorker.invokeTestMethods(TestMethodWorker.java:146)\r\n\tat org.testng.internal.TestMethodWorker.run(TestMethodWorker.java:128)\r\n\tat java.base/java.util.ArrayList.forEach(ArrayList.java:1511)\r\n\tat org.testng.TestRunner.privateRun(TestRunner.java:770)\r\n\tat org.testng.TestRunner.run(TestRunner.java:591)\r\n\tat org.testng.SuiteRunner.runTest(SuiteRunner.java:402)\r\n\tat org.testng.SuiteRunner.access$000(SuiteRunner.java:41)\r\n\tat org.testng.SuiteRunner$SuiteWorker.run(SuiteRunner.java:443)\r\n\tat org.testng.internal.thread.ThreadUtil.lambda$execute$0(ThreadUtil.java:67)\r\n\tat java.base/java.util.concurrent.FutureTask.run(FutureTask.java:264)\r\n\tat java.base/java.util.concurrent.ThreadPoolExecutor.runWorker(ThreadPoolExecutor.java:1130)\r\n\tat java.base/java.util.concurrent.ThreadPoolExecutor$Worker.run(ThreadPoolExecutor.java:630)\r\n\tat java.base/java.lang.Thread.run(Thread.java:832)\r\n",
      "steps" : [ {
        "name" : "validate validate click CustomerButton ",
        "time" : {
          "start" : 1628676553590,
          "stop" : 1628676558456,
          "duration" : 4866
        },
        "status" : "passed",
        "steps" : [ {
          "name" : "verifying ClickAddcustomerBtn",
          "time" : {
            "start" : 1628676553590,
            "stop" : 1628676558456,
            "duration" : 4866
          },
          "status" : "passed",
          "steps" : [ ],
          "attachments" : [ ],
          "parameters" : [ ],
          "hasContent" : false,
          "stepsCount" : 0,
          "attachmentsCount" : 0,
          "shouldDisplayMessage" : false
        } ],
        "attachments" : [ ],
        "parameters" : [ ],
        "hasContent" : true,
        "stepsCount" : 1,
        "attachmentsCount" : 0,
        "shouldDisplayMessage" : false
      }, {
        "name" : "verifying customer data",
        "time" : {
          "start" : 1628676558456,
          "stop" : 1628676588487,
          "duration" : 30031
        },
        "status" : "passed",
        "steps" : [ ],
        "attachments" : [ ],
        "parameters" : [ {
          "name" : "dba",
          "value" : "FirstISO"
        }, {
          "name" : "fname",
          "value" : "Denovo"
        }, {
          "name" : "lname",
          "value" : "System"
        }, {
          "name" : "Isoidentified",
          "value" : "8329"
        }, {
          "name" : "Address1",
          "value" : "ASDFGH"
        }, {
          "name" : "Address2",
          "value" : "ASDFGH"
        }, {
          "name" : "Zipcode",
          "value" : "60558"
        }, {
          "name" : "Email",
          "value" : "testsaxess25@gmail.com"
        }, {
          "name" : "Processor",
          "value" : "Tsys"
        }, {
          "name" : "PhoneNumber",
          "value" : "9176978444"
        }, {
          "name" : "TechSupportphoneNumber",
          "value" : "2.015550123E9"
        }, {
          "name" : "HelpDeskPhone",
          "value" : "2.015550123E9"
        }, {
          "name" : "HelpDeskEmail",
          "value" : "zx@gmail.com"
        }, {
          "name" : "TechSupportEmail",
          "value" : "re@gmail.com"
        } ],
        "hasContent" : true,
        "stepsCount" : 0,
        "attachmentsCount" : 0,
        "shouldDisplayMessage" : false
      }, {
        "name" : "validate Finish Button ",
        "time" : {
          "start" : 1628676588487,
          "stop" : 1628676588553,
          "duration" : 66
        },
        "status" : "passed",
        "steps" : [ {
          "name" : "verifyclickFinish",
          "time" : {
            "start" : 1628676588487,
            "stop" : 1628676588553,
            "duration" : 66
          },
          "status" : "passed",
          "steps" : [ ],
          "attachments" : [ ],
          "parameters" : [ ],
          "hasContent" : false,
          "stepsCount" : 0,
          "attachmentsCount" : 0,
          "shouldDisplayMessage" : false
        } ],
        "attachments" : [ ],
        "parameters" : [ ],
        "hasContent" : true,
        "stepsCount" : 1,
        "attachmentsCount" : 0,
        "shouldDisplayMessage" : false
      }, {
        "name" : "validate data created",
        "time" : {
          "start" : 1628676588553,
          "stop" : 1628676588585,
          "duration" : 32
        },
        "status" : "failed",
        "statusMessage" : "Customer Data Not Created expected [You successfully created your customer] but found []",
        "statusTrace" : "java.lang.AssertionError: Customer Data Not Created expected [You successfully created your customer] but found []\r\n\tat org.testng.Assert.fail(Assert.java:97)\r\n\tat org.testng.Assert.assertEqualsImpl(Assert.java:136)\r\n\tat org.testng.Assert.assertEquals(Assert.java:118)\r\n\tat org.testng.Assert.assertEquals(Assert.java:575)\r\n\tat com.denovo.testscripts.CustomerPageTest.validateDataCreated(CustomerPageTest.java:207)\r\n\tat com.denovo.testscripts.CustomerPageTest.validateCustomerData(CustomerPageTest.java:161)\r\n\tat java.base/jdk.internal.reflect.NativeMethodAccessorImpl.invoke0(Native Method)\r\n\tat java.base/jdk.internal.reflect.NativeMethodAccessorImpl.invoke(NativeMethodAccessorImpl.java:64)\r\n\tat java.base/jdk.internal.reflect.DelegatingMethodAccessorImpl.invoke(DelegatingMethodAccessorImpl.java:43)\r\n\tat java.base/java.lang.reflect.Method.invoke(Method.java:564)\r\n\tat org.testng.internal.MethodInvocationHelper.invokeMethod(MethodInvocationHelper.java:133)\r\n\tat org.testng.internal.TestInvoker.invokeMethod(TestInvoker.java:584)\r\n\tat org.testng.internal.TestInvoker.invokeTestMethod(TestInvoker.java:172)\r\n\tat org.testng.internal.MethodRunner.runInSequence(MethodRunner.java:46)\r\n\tat org.testng.internal.TestInvoker$MethodInvocationAgent.invoke(TestInvoker.java:804)\r\n\tat org.testng.internal.TestInvoker.invokeTestMethods(TestInvoker.java:145)\r\n\tat org.testng.internal.TestMethodWorker.invokeTestMethods(TestMethodWorker.java:146)\r\n\tat org.testng.internal.TestMethodWorker.run(TestMethodWorker.java:128)\r\n\tat java.base/java.util.ArrayList.forEach(ArrayList.java:1511)\r\n\tat org.testng.TestRunner.privateRun(TestRunner.java:770)\r\n\tat org.testng.TestRunner.run(TestRunner.java:591)\r\n\tat org.testng.SuiteRunner.runTest(SuiteRunner.java:402)\r\n\tat org.testng.SuiteRunner.access$000(SuiteRunner.java:41)\r\n\tat org.testng.SuiteRunner$SuiteWorker.run(SuiteRunner.java:443)\r\n\tat org.testng.internal.thread.ThreadUtil.lambda$execute$0(ThreadUtil.java:67)\r\n\tat java.base/java.util.concurrent.FutureTask.run(FutureTask.java:264)\r\n\tat java.base/java.util.concurrent.ThreadPoolExecutor.runWorker(ThreadPoolExecutor.java:1130)\r\n\tat java.base/java.util.concurrent.ThreadPoolExecutor$Worker.run(ThreadPoolExecutor.java:630)\r\n\tat java.base/java.lang.Thread.run(Thread.java:832)\r\n",
        "steps" : [ {
          "name" : "verifying data created",
          "time" : {
            "start" : 1628676588553,
            "stop" : 1628676588585,
            "duration" : 32
          },
          "status" : "passed",
          "steps" : [ ],
          "attachments" : [ ],
          "parameters" : [ ],
          "hasContent" : false,
          "stepsCount" : 0,
          "attachmentsCount" : 0,
          "shouldDisplayMessage" : false
        } ],
        "attachments" : [ ],
        "parameters" : [ ],
        "hasContent" : true,
        "stepsCount" : 1,
        "attachmentsCount" : 0,
        "shouldDisplayMessage" : true
      } ],
      "attachments" : [ ],
      "parameters" : [ {
        "name" : "dba",
        "value" : "FirstISO"
      }, {
        "name" : "fname",
        "value" : "Denovo"
      }, {
        "name" : "lname",
        "value" : "System"
      }, {
        "name" : "Isoidentified",
        "value" : "8329"
      }, {
        "name" : "Address1",
        "value" : "ASDFGH"
      }, {
        "name" : "Address2",
        "value" : "ASDFGH"
      }, {
        "name" : "Zipcode",
        "value" : "60558"
      }, {
        "name" : "Email",
        "value" : "testsaxess25@gmail.com"
      }, {
        "name" : "Processor",
        "value" : "Tsys"
      }, {
        "name" : "PhoneNumber",
        "value" : "9176978444"
      }, {
        "name" : "TechSupportphoneNumber",
        "value" : "2.015550123E9"
      }, {
        "name" : "HelpDeskPhone",
        "value" : "2.015550123E9"
      }, {
        "name" : "HelpDeskEmail",
        "value" : "zx@gmail.com"
      }, {
        "name" : "TechSupportEmail",
        "value" : "re@gmail.com"
      } ],
      "hasContent" : true,
      "stepsCount" : 7,
      "attachmentsCount" : 0,
      "shouldDisplayMessage" : false
    } ],
    "attachments" : [ {
      "uid" : "4fa64617e3f386",
      "name" : "screenshots",
      "source" : "4fa64617e3f386.png",
      "type" : "img/png",
      "size" : 50917
    } ],
    "parameters" : [ ],
    "hasContent" : true,
    "stepsCount" : 8,
    "attachmentsCount" : 1,
    "shouldDisplayMessage" : false
  },
  "afterStages" : [ {
    "name" : "teardown",
    "time" : {
      "start" : 1628676589056,
      "stop" : 1628676589803,
      "duration" : 747
    },
    "description" : "",
    "status" : "passed",
    "steps" : [ ],
    "attachments" : [ ],
    "parameters" : [ ],
    "hasContent" : false,
    "stepsCount" : 0,
    "attachmentsCount" : 0,
    "shouldDisplayMessage" : false
  } ],
  "labels" : [ {
    "name" : "package",
    "value" : "com.denovo.testscripts.CustomerPageTest"
  }, {
    "name" : "testClass",
    "value" : "com.denovo.testscripts.CustomerPageTest"
  }, {
    "name" : "testMethod",
    "value" : "validateCustomerData"
  }, {
    "name" : "parentSuite",
    "value" : "DenovoWebPortal Application System Login Suite File"
  }, {
    "name" : "suite",
    "value" : "Regression Test"
  }, {
    "name" : "subSuite",
    "value" : "com.denovo.testscripts.CustomerPageTest"
  }, {
    "name" : "host",
    "value" : "DESKTOP-2K98EE4"
  }, {
    "name" : "thread",
    "value" : "23200@DESKTOP-2K98EE4.TestNG-tests-1(18)"
  }, {
    "name" : "framework",
    "value" : "testng"
  }, {
    "name" : "language",
    "value" : "java"
  }, {
    "name" : "story",
    "value" : "story Name: To Check validate customer data"
  }, {
    "name" : "severity",
    "value" : "blocker"
  }, {
    "name" : "resultFormat",
    "value" : "allure2"
  } ],
  "parameters" : [ {
    "name" : "arg0",
    "value" : "FirstISO"
  }, {
    "name" : "arg1",
    "value" : "Denovo"
  }, {
    "name" : "arg10",
    "value" : "2.015550123E9"
  }, {
    "name" : "arg11",
    "value" : "2.015550123E9"
  }, {
    "name" : "arg12",
    "value" : "zx@gmail.com"
  }, {
    "name" : "arg13",
    "value" : "re@gmail.com"
  }, {
    "name" : "arg2",
    "value" : "System"
  }, {
    "name" : "arg3",
    "value" : "8329"
  }, {
    "name" : "arg4",
    "value" : "ASDFGH"
  }, {
    "name" : "arg5",
    "value" : "ASDFGH"
  }, {
    "name" : "arg6",
    "value" : "60558"
  }, {
    "name" : "arg7",
    "value" : "testsaxess25@gmail.com"
  }, {
    "name" : "arg8",
    "value" : "Tsys"
  }, {
    "name" : "arg9",
    "value" : "9176978444"
  } ],
  "links" : [ ],
  "hidden" : false,
  "retry" : false,
  "extra" : {
    "severity" : "blocker",
    "retries" : [ ],
    "categories" : [ {
      "name" : "Product defects",
      "matchedStatuses" : [ ],
      "flaky" : false
    } ],
    "tags" : [ ]
  },
  "source" : "1e8fa230a3dc153d.json",
  "parameterValues" : [ "FirstISO", "Denovo", "2.015550123E9", "2.015550123E9", "zx@gmail.com", "re@gmail.com", "System", "8329", "ASDFGH", "ASDFGH", "60558", "testsaxess25@gmail.com", "Tsys", "9176978444" ]
}