{
  "uid" : "41c28b00e50b163c",
  "name" : "ValidateCreateAsset",
  "fullName" : "com.denovo.testscripts.SteamAssetPageTest.ValidateCreateAsset",
  "historyId" : "3f30615852fd1e282de87141324d3eec",
  "time" : {
    "start" : 1628676117897,
    "stop" : 1628676145018,
    "duration" : 27121
  },
  "description" : "Test Case Description: validate Asset Creation ",
  "descriptionHtml" : "<p>Test Case Description: validate Asset Creation</p>\n",
  "status" : "failed",
  "statusMessage" : "The following asserts failed:\n\tData Created Successfully,but Pop Up Msg Not Showed.     did not expect to find [true] but found [false]",
  "statusTrace" : "java.lang.AssertionError: The following asserts failed:\n\tData Created Successfully,but Pop Up Msg Not Showed.     did not expect to find [true] but found [false]\r\n\tat org.testng.asserts.SoftAssert.assertAll(SoftAssert.java:47)\r\n\tat org.testng.asserts.SoftAssert.assertAll(SoftAssert.java:31)\r\n\tat com.denovo.testscripts.SteamAssetPageTest.ValidateCreateAsset(SteamAssetPageTest.java:79)\r\n\tat java.base/jdk.internal.reflect.NativeMethodAccessorImpl.invoke0(Native Method)\r\n\tat java.base/jdk.internal.reflect.NativeMethodAccessorImpl.invoke(NativeMethodAccessorImpl.java:64)\r\n\tat java.base/jdk.internal.reflect.DelegatingMethodAccessorImpl.invoke(DelegatingMethodAccessorImpl.java:43)\r\n\tat java.base/java.lang.reflect.Method.invoke(Method.java:564)\r\n\tat org.testng.internal.MethodInvocationHelper.invokeMethod(MethodInvocationHelper.java:133)\r\n\tat org.testng.internal.TestInvoker.invokeMethod(TestInvoker.java:584)\r\n\tat org.testng.internal.TestInvoker.invokeTestMethod(TestInvoker.java:172)\r\n\tat org.testng.internal.MethodRunner.runInSequence(MethodRunner.java:46)\r\n\tat org.testng.internal.TestInvoker$MethodInvocationAgent.invoke(TestInvoker.java:804)\r\n\tat org.testng.internal.TestInvoker.invokeTestMethods(TestInvoker.java:145)\r\n\tat org.testng.internal.TestMethodWorker.invokeTestMethods(TestMethodWorker.java:146)\r\n\tat org.testng.internal.TestMethodWorker.run(TestMethodWorker.java:128)\r\n\tat java.base/java.util.ArrayList.forEach(ArrayList.java:1511)\r\n\tat org.testng.TestRunner.privateRun(TestRunner.java:770)\r\n\tat org.testng.TestRunner.run(TestRunner.java:591)\r\n\tat org.testng.SuiteRunner.runTest(SuiteRunner.java:402)\r\n\tat org.testng.SuiteRunner.access$000(SuiteRunner.java:41)\r\n\tat org.testng.SuiteRunner$SuiteWorker.run(SuiteRunner.java:443)\r\n\tat org.testng.internal.thread.ThreadUtil.lambda$execute$0(ThreadUtil.java:67)\r\n\tat java.base/java.util.concurrent.FutureTask.run(FutureTask.java:264)\r\n\tat java.base/java.util.concurrent.ThreadPoolExecutor.runWorker(ThreadPoolExecutor.java:1130)\r\n\tat java.base/java.util.concurrent.ThreadPoolExecutor$Worker.run(ThreadPoolExecutor.java:630)\r\n\tat java.base/java.lang.Thread.run(Thread.java:832)\r\n",
  "flaky" : false,
  "newFailed" : false,
  "beforeStages" : [ {
    "name" : "setup",
    "time" : {
      "start" : 1628676104331,
      "stop" : 1628676117887,
      "duration" : 13556
    },
    "description" : "",
    "status" : "passed",
    "steps" : [ {
      "name" : "login with username and password step...",
      "time" : {
        "start" : 1628676114067,
        "stop" : 1628676114750,
        "duration" : 683
      },
      "status" : "passed",
      "steps" : [ ],
      "attachments" : [ ],
      "parameters" : [ {
        "name" : "username",
        "value" : "bmurthy@denovosystem.com"
      }, {
        "name" : "password",
        "value" : "Denovo@2021"
      } ],
      "hasContent" : true,
      "stepsCount" : 0,
      "attachmentsCount" : 0,
      "shouldDisplayMessage" : false
    }, {
      "name" : "Click the Steam Link",
      "time" : {
        "start" : 1628676114750,
        "stop" : 1628676117887,
        "duration" : 3137
      },
      "status" : "passed",
      "steps" : [ {
        "name" : "Click the Assets Link",
        "time" : {
          "start" : 1628676117094,
          "stop" : 1628676117887,
          "duration" : 793
        },
        "status" : "passed",
        "steps" : [ ],
        "attachments" : [ ],
        "parameters" : [ ],
        "hasContent" : false,
        "stepsCount" : 0,
        "attachmentsCount" : 0,
        "shouldDisplayMessage" : false
      } ],
      "attachments" : [ ],
      "parameters" : [ ],
      "hasContent" : true,
      "stepsCount" : 1,
      "attachmentsCount" : 0,
      "shouldDisplayMessage" : false
    } ],
    "attachments" : [ ],
    "parameters" : [ ],
    "hasContent" : true,
    "stepsCount" : 3,
    "attachmentsCount" : 0,
    "shouldDisplayMessage" : false
  } ],
  "testStage" : {
    "description" : "Test Case Description: validate Asset Creation ",
    "status" : "failed",
    "statusMessage" : "The following asserts failed:\n\tData Created Successfully,but Pop Up Msg Not Showed.     did not expect to find [true] but found [false]",
    "statusTrace" : "java.lang.AssertionError: The following asserts failed:\n\tData Created Successfully,but Pop Up Msg Not Showed.     did not expect to find [true] but found [false]\r\n\tat org.testng.asserts.SoftAssert.assertAll(SoftAssert.java:47)\r\n\tat org.testng.asserts.SoftAssert.assertAll(SoftAssert.java:31)\r\n\tat com.denovo.testscripts.SteamAssetPageTest.ValidateCreateAsset(SteamAssetPageTest.java:79)\r\n\tat java.base/jdk.internal.reflect.NativeMethodAccessorImpl.invoke0(Native Method)\r\n\tat java.base/jdk.internal.reflect.NativeMethodAccessorImpl.invoke(NativeMethodAccessorImpl.java:64)\r\n\tat java.base/jdk.internal.reflect.DelegatingMethodAccessorImpl.invoke(DelegatingMethodAccessorImpl.java:43)\r\n\tat java.base/java.lang.reflect.Method.invoke(Method.java:564)\r\n\tat org.testng.internal.MethodInvocationHelper.invokeMethod(MethodInvocationHelper.java:133)\r\n\tat org.testng.internal.TestInvoker.invokeMethod(TestInvoker.java:584)\r\n\tat org.testng.internal.TestInvoker.invokeTestMethod(TestInvoker.java:172)\r\n\tat org.testng.internal.MethodRunner.runInSequence(MethodRunner.java:46)\r\n\tat org.testng.internal.TestInvoker$MethodInvocationAgent.invoke(TestInvoker.java:804)\r\n\tat org.testng.internal.TestInvoker.invokeTestMethods(TestInvoker.java:145)\r\n\tat org.testng.internal.TestMethodWorker.invokeTestMethods(TestMethodWorker.java:146)\r\n\tat org.testng.internal.TestMethodWorker.run(TestMethodWorker.java:128)\r\n\tat java.base/java.util.ArrayList.forEach(ArrayList.java:1511)\r\n\tat org.testng.TestRunner.privateRun(TestRunner.java:770)\r\n\tat org.testng.TestRunner.run(TestRunner.java:591)\r\n\tat org.testng.SuiteRunner.runTest(SuiteRunner.java:402)\r\n\tat org.testng.SuiteRunner.access$000(SuiteRunner.java:41)\r\n\tat org.testng.SuiteRunner$SuiteWorker.run(SuiteRunner.java:443)\r\n\tat org.testng.internal.thread.ThreadUtil.lambda$execute$0(ThreadUtil.java:67)\r\n\tat java.base/java.util.concurrent.FutureTask.run(FutureTask.java:264)\r\n\tat java.base/java.util.concurrent.ThreadPoolExecutor.runWorker(ThreadPoolExecutor.java:1130)\r\n\tat java.base/java.util.concurrent.ThreadPoolExecutor$Worker.run(ThreadPoolExecutor.java:630)\r\n\tat java.base/java.lang.Thread.run(Thread.java:832)\r\n",
    "steps" : [ {
      "name" : "validate Asset data",
      "time" : {
        "start" : 1628676117897,
        "stop" : 1628676144527,
        "duration" : 26630
      },
      "status" : "failed",
      "statusMessage" : "The following asserts failed:\n\tData Created Successfully,but Pop Up Msg Not Showed.     did not expect to find [true] but found [false]",
      "statusTrace" : "java.lang.AssertionError: The following asserts failed:\n\tData Created Successfully,but Pop Up Msg Not Showed.     did not expect to find [true] but found [false]\r\n\tat org.testng.asserts.SoftAssert.assertAll(SoftAssert.java:47)\r\n\tat org.testng.asserts.SoftAssert.assertAll(SoftAssert.java:31)\r\n\tat com.denovo.testscripts.SteamAssetPageTest.ValidateCreateAsset(SteamAssetPageTest.java:79)\r\n\tat java.base/jdk.internal.reflect.NativeMethodAccessorImpl.invoke0(Native Method)\r\n\tat java.base/jdk.internal.reflect.NativeMethodAccessorImpl.invoke(NativeMethodAccessorImpl.java:64)\r\n\tat java.base/jdk.internal.reflect.DelegatingMethodAccessorImpl.invoke(DelegatingMethodAccessorImpl.java:43)\r\n\tat java.base/java.lang.reflect.Method.invoke(Method.java:564)\r\n\tat org.testng.internal.MethodInvocationHelper.invokeMethod(MethodInvocationHelper.java:133)\r\n\tat org.testng.internal.TestInvoker.invokeMethod(TestInvoker.java:584)\r\n\tat org.testng.internal.TestInvoker.invokeTestMethod(TestInvoker.java:172)\r\n\tat org.testng.internal.MethodRunner.runInSequence(MethodRunner.java:46)\r\n\tat org.testng.internal.TestInvoker$MethodInvocationAgent.invoke(TestInvoker.java:804)\r\n\tat org.testng.internal.TestInvoker.invokeTestMethods(TestInvoker.java:145)\r\n\tat org.testng.internal.TestMethodWorker.invokeTestMethods(TestMethodWorker.java:146)\r\n\tat org.testng.internal.TestMethodWorker.run(TestMethodWorker.java:128)\r\n\tat java.base/java.util.ArrayList.forEach(ArrayList.java:1511)\r\n\tat org.testng.TestRunner.privateRun(TestRunner.java:770)\r\n\tat org.testng.TestRunner.run(TestRunner.java:591)\r\n\tat org.testng.SuiteRunner.runTest(SuiteRunner.java:402)\r\n\tat org.testng.SuiteRunner.access$000(SuiteRunner.java:41)\r\n\tat org.testng.SuiteRunner$SuiteWorker.run(SuiteRunner.java:443)\r\n\tat org.testng.internal.thread.ThreadUtil.lambda$execute$0(ThreadUtil.java:67)\r\n\tat java.base/java.util.concurrent.FutureTask.run(FutureTask.java:264)\r\n\tat java.base/java.util.concurrent.ThreadPoolExecutor.runWorker(ThreadPoolExecutor.java:1130)\r\n\tat java.base/java.util.concurrent.ThreadPoolExecutor$Worker.run(ThreadPoolExecutor.java:630)\r\n\tat java.base/java.lang.Thread.run(Thread.java:832)\r\n",
      "steps" : [ {
        "name" : " Verifying Asset Data ",
        "time" : {
          "start" : 1628676117897,
          "stop" : 1628676144517,
          "duration" : 26620
        },
        "status" : "passed",
        "steps" : [ ],
        "attachments" : [ ],
        "parameters" : [ {
          "name" : "Manufacturer",
          "value" : "Virtual Terminal"
        }, {
          "name" : "Model",
          "value" : "Virtual Terminal"
        }, {
          "name" : "SerialNo",
          "value" : "0082344SERIALAAAAS"
        }, {
          "name" : "CustomerName",
          "value" : "Denovo"
        } ],
        "hasContent" : true,
        "stepsCount" : 0,
        "attachmentsCount" : 0,
        "shouldDisplayMessage" : false
      } ],
      "attachments" : [ ],
      "parameters" : [ {
        "name" : "Manufacturer",
        "value" : "Virtual Terminal"
      }, {
        "name" : "Model",
        "value" : "Virtual Terminal"
      }, {
        "name" : "SerialNo",
        "value" : "0082344SERIALAAAAS"
      }, {
        "name" : "CustomerName",
        "value" : "Denovo"
      } ],
      "hasContent" : true,
      "stepsCount" : 1,
      "attachmentsCount" : 0,
      "shouldDisplayMessage" : true
    } ],
    "attachments" : [ {
      "uid" : "5045fd3beaceb65b",
      "name" : "screenshots",
      "source" : "5045fd3beaceb65b.png",
      "type" : "img/png",
      "size" : 113448
    } ],
    "parameters" : [ ],
    "hasContent" : true,
    "stepsCount" : 2,
    "attachmentsCount" : 1,
    "shouldDisplayMessage" : false
  },
  "afterStages" : [ {
    "name" : "teardown",
    "time" : {
      "start" : 1628676145642,
      "stop" : 1628676145737,
      "duration" : 95
    },
    "description" : "",
    "status" : "passed",
    "steps" : [ ],
    "attachments" : [ ],
    "parameters" : [ ],
    "hasContent" : false,
    "stepsCount" : 0,
    "attachmentsCount" : 0,
    "shouldDisplayMessage" : false
  } ],
  "labels" : [ {
    "name" : "package",
    "value" : "com.denovo.testscripts.SteamAssetPageTest"
  }, {
    "name" : "testClass",
    "value" : "com.denovo.testscripts.SteamAssetPageTest"
  }, {
    "name" : "testMethod",
    "value" : "ValidateCreateAsset"
  }, {
    "name" : "parentSuite",
    "value" : "DenovoWebPortal Application System Login Suite File"
  }, {
    "name" : "suite",
    "value" : "Regression Test"
  }, {
    "name" : "subSuite",
    "value" : "com.denovo.testscripts.SteamAssetPageTest"
  }, {
    "name" : "host",
    "value" : "DESKTOP-2K98EE4"
  }, {
    "name" : "thread",
    "value" : "23200@DESKTOP-2K98EE4.TestNG-tests-1(18)"
  }, {
    "name" : "framework",
    "value" : "testng"
  }, {
    "name" : "language",
    "value" : "java"
  }, {
    "name" : "story",
    "value" : "story Name: To Check validate Create Asset Creation "
  }, {
    "name" : "severity",
    "value" : "blocker"
  }, {
    "name" : "resultFormat",
    "value" : "allure2"
  } ],
  "parameters" : [ {
    "name" : "arg0",
    "value" : "Virtual Terminal"
  }, {
    "name" : "arg1",
    "value" : "Virtual Terminal"
  }, {
    "name" : "arg2",
    "value" : "0082344SERIALAAAAS"
  }, {
    "name" : "arg3",
    "value" : "Denovo"
  } ],
  "links" : [ ],
  "hidden" : false,
  "retry" : false,
  "extra" : {
    "severity" : "blocker",
    "retries" : [ ],
    "categories" : [ {
      "name" : "Product defects",
      "matchedStatuses" : [ ],
      "flaky" : false
    } ],
    "tags" : [ ]
  },
  "source" : "41c28b00e50b163c.json",
  "parameterValues" : [ "Virtual Terminal", "Virtual Terminal", "0082344SERIALAAAAS", "Denovo" ]
}